{"/home/simonerocutto/work/extended-joust/client/src/App.tsx": {"path":"/home/simonerocutto/work/extended-joust/client/src/App.tsx","statementMap":{"0":{"start":{"line":13,"column":2},"end":{"line":13,"column":null}},"1":{"start":{"line":16,"column":2},"end":{"line":16,"column":null}},"2":{"start":{"line":19,"column":22},"end":{"line":19,"column":null}},"3":{"start":{"line":21,"column":2},"end":{"line":25,"column":null}},"4":{"start":{"line":22,"column":4},"end":{"line":24,"column":null}},"5":{"start":{"line":23,"column":6},"end":{"line":23,"column":null}},"6":{"start":{"line":27,"column":2},"end":{"line":36,"column":null}}},"fnMap":{"0":{"name":"App","decl":{"start":{"line":11,"column":9},"end":{"line":11,"column":15}},"loc":{"start":{"line":11,"column":15},"end":{"line":38,"column":null}},"line":11},"1":{"name":"(anonymous_1)","decl":{"start":{"line":21,"column":12},"end":{"line":21,"column":18}},"loc":{"start":{"line":21,"column":18},"end":{"line":25,"column":5}},"line":21}},"branchMap":{"0":{"loc":{"start":{"line":22,"column":4},"end":{"line":24,"column":null}},"type":"if","locations":[{"start":{"line":22,"column":4},"end":{"line":24,"column":null}},{"start":{},"end":{}}],"line":22}},"s":{"0":0,"1":0,"2":0,"3":0,"4":0,"5":0,"6":0},"f":{"0":0,"1":0},"b":{"0":[0,0]},"meta":{"lastBranch":1,"lastFunction":2,"lastStatement":7,"seen":{"f:11:9:11:15":0,"s:13:2:13:Infinity":0,"s:16:2:16:Infinity":1,"s:19:22:19:Infinity":2,"s:21:2:25:Infinity":3,"f:21:12:21:18":1,"b:22:4:24:Infinity:undefined:undefined:undefined:undefined":0,"s:22:4:24:Infinity":4,"s:23:6:23:Infinity":5,"s:27:2:36:Infinity":6}}}
,"/home/simonerocutto/work/extended-joust/client/src/components/dashboard/AdminControls.tsx": {"path":"/home/simonerocutto/work/extended-joust/client/src/components/dashboard/AdminControls.tsx","statementMap":{"0":{"start":{"line":8,"column":18},"end":{"line":8,"column":null}},"1":{"start":{"line":9,"column":32},"end":{"line":9,"column":null}},"2":{"start":{"line":10,"column":24},"end":{"line":10,"column":null}},"3":{"start":{"line":11,"column":38},"end":{"line":11,"column":null}},"4":{"start":{"line":12,"column":40},"end":{"line":12,"column":null}},"5":{"start":{"line":13,"column":28},"end":{"line":13,"column":null}},"6":{"start":{"line":14,"column":24},"end":{"line":14,"column":null}},"7":{"start":{"line":17,"column":26},"end":{"line":17,"column":null}},"8":{"start":{"line":20,"column":2},"end":{"line":32,"column":null}},"9":{"start":{"line":21,"column":4},"end":{"line":31,"column":null}},"10":{"start":{"line":24,"column":8},"end":{"line":26,"column":null}},"11":{"start":{"line":25,"column":10},"end":{"line":25,"column":null}},"12":{"start":{"line":29,"column":8},"end":{"line":29,"column":null}},"13":{"start":{"line":30,"column":8},"end":{"line":30,"column":null}},"14":{"start":{"line":34,"column":27},"end":{"line":61,"column":null}},"15":{"start":{"line":35,"column":4},"end":{"line":38,"column":null}},"16":{"start":{"line":36,"column":6},"end":{"line":36,"column":null}},"17":{"start":{"line":37,"column":6},"end":{"line":37,"column":null}},"18":{"start":{"line":40,"column":4},"end":{"line":40,"column":null}},"19":{"start":{"line":41,"column":4},"end":{"line":41,"column":null}},"20":{"start":{"line":43,"column":4},"end":{"line":60,"column":null}},"21":{"start":{"line":45,"column":21},"end":{"line":48,"column":null}},"22":{"start":{"line":50,"column":6},"end":{"line":52,"column":null}},"23":{"start":{"line":51,"column":8},"end":{"line":51,"column":null}},"24":{"start":{"line":54,"column":6},"end":{"line":54,"column":null}},"25":{"start":{"line":56,"column":6},"end":{"line":56,"column":null}},"26":{"start":{"line":57,"column":6},"end":{"line":57,"column":null}},"27":{"start":{"line":59,"column":6},"end":{"line":59,"column":null}},"28":{"start":{"line":63,"column":2},"end":{"line":171,"column":null}},"29":{"start":{"line":80,"column":29},"end":{"line":80,"column":null}},"30":{"start":{"line":85,"column":14},"end":{"line":87,"column":null}},"31":{"start":{"line":97,"column":31},"end":{"line":97,"column":null}},"32":{"start":{"line":119,"column":14},"end":{"line":124,"column":null}}},"fnMap":{"0":{"name":"AdminControls","decl":{"start":{"line":7,"column":9},"end":{"line":7,"column":25}},"loc":{"start":{"line":7,"column":25},"end":{"line":173,"column":null}},"line":7},"1":{"name":"(anonymous_1)","decl":{"start":{"line":20,"column":12},"end":{"line":20,"column":18}},"loc":{"start":{"line":20,"column":18},"end":{"line":32,"column":5}},"line":20},"2":{"name":"(anonymous_2)","decl":{"start":{"line":23,"column":12},"end":{"line":23,"column":13}},"loc":{"start":{"line":23,"column":22},"end":{"line":27,"column":7}},"line":23},"3":{"name":"(anonymous_3)","decl":{"start":{"line":28,"column":13},"end":{"line":28,"column":14}},"loc":{"start":{"line":28,"column":22},"end":{"line":31,"column":7}},"line":28},"4":{"name":"(anonymous_4)","decl":{"start":{"line":34,"column":27},"end":{"line":34,"column":39}},"loc":{"start":{"line":34,"column":39},"end":{"line":61,"column":null}},"line":34},"5":{"name":"(anonymous_5)","decl":{"start":{"line":80,"column":22},"end":{"line":80,"column":23}},"loc":{"start":{"line":80,"column":29},"end":{"line":80,"column":null}},"line":80},"6":{"name":"(anonymous_6)","decl":{"start":{"line":84,"column":23},"end":{"line":84,"column":24}},"loc":{"start":{"line":85,"column":14},"end":{"line":87,"column":null}},"line":85},"7":{"name":"(anonymous_7)","decl":{"start":{"line":97,"column":24},"end":{"line":97,"column":25}},"loc":{"start":{"line":97,"column":31},"end":{"line":97,"column":null}},"line":97},"8":{"name":"(anonymous_8)","decl":{"start":{"line":118,"column":25},"end":{"line":118,"column":26}},"loc":{"start":{"line":119,"column":14},"end":{"line":124,"column":null}},"line":119}},"branchMap":{"0":{"loc":{"start":{"line":17,"column":26},"end":{"line":17,"column":null}},"type":"binary-expr","locations":[{"start":{"line":17,"column":26},"end":{"line":17,"column":50}},{"start":{"line":17,"column":50},"end":{"line":17,"column":null}}],"line":17},"1":{"loc":{"start":{"line":24,"column":8},"end":{"line":26,"column":null}},"type":"if","locations":[{"start":{"line":24,"column":8},"end":{"line":26,"column":null}},{"start":{},"end":{}}],"line":24},"2":{"loc":{"start":{"line":35,"column":4},"end":{"line":38,"column":null}},"type":"if","locations":[{"start":{"line":35,"column":4},"end":{"line":38,"column":null}},{"start":{},"end":{}}],"line":35},"3":{"loc":{"start":{"line":47,"column":15},"end":{"line":47,"column":null}},"type":"cond-expr","locations":[{"start":{"line":47,"column":47},"end":{"line":47,"column":63}},{"start":{"line":47,"column":63},"end":{"line":47,"column":null}}],"line":47},"4":{"loc":{"start":{"line":50,"column":6},"end":{"line":52,"column":null}},"type":"if","locations":[{"start":{"line":50,"column":6},"end":{"line":52,"column":null}},{"start":{},"end":{}}],"line":50},"5":{"loc":{"start":{"line":67,"column":9},"end":{"line":70,"column":null}},"type":"binary-expr","locations":[{"start":{"line":67,"column":9},"end":{"line":67,"column":null}},{"start":{"line":68,"column":10},"end":{"line":70,"column":null}}],"line":67},"6":{"loc":{"start":{"line":92,"column":9},"end":{"line":107,"column":null}},"type":"binary-expr","locations":[{"start":{"line":92,"column":9},"end":{"line":92,"column":null}},{"start":{"line":93,"column":10},"end":{"line":107,"column":null}}],"line":92},"7":{"loc":{"start":{"line":116,"column":9},"end":{"line":128,"column":null}},"type":"cond-expr","locations":[{"start":{"line":117,"column":10},"end":{"line":126,"column":null}},{"start":{"line":128,"column":10},"end":{"line":128,"column":null}}],"line":116},"8":{"loc":{"start":{"line":133,"column":7},"end":{"line":136,"column":null}},"type":"binary-expr","locations":[{"start":{"line":133,"column":7},"end":{"line":133,"column":null}},{"start":{"line":134,"column":8},"end":{"line":136,"column":null}}],"line":133},"9":{"loc":{"start":{"line":142,"column":9},"end":{"line":149,"column":null}},"type":"binary-expr","locations":[{"start":{"line":142,"column":9},"end":{"line":142,"column":null}},{"start":{"line":143,"column":10},"end":{"line":149,"column":null}}],"line":142},"10":{"loc":{"start":{"line":145,"column":22},"end":{"line":145,"column":null}},"type":"binary-expr","locations":[{"start":{"line":145,"column":22},"end":{"line":145,"column":33}},{"start":{"line":145,"column":33},"end":{"line":145,"column":null}}],"line":145},"11":{"loc":{"start":{"line":148,"column":13},"end":{"line":148,"column":null}},"type":"cond-expr","locations":[{"start":{"line":148,"column":23},"end":{"line":148,"column":39}},{"start":{"line":148,"column":39},"end":{"line":148,"column":null}}],"line":148},"12":{"loc":{"start":{"line":153,"column":9},"end":{"line":168,"column":null}},"type":"binary-expr","locations":[{"start":{"line":153,"column":9},"end":{"line":153,"column":null}},{"start":{"line":154,"column":10},"end":{"line":168,"column":null}}],"line":153},"13":{"loc":{"start":{"line":155,"column":13},"end":{"line":166,"column":null}},"type":"cond-expr","locations":[{"start":{"line":156,"column":14},"end":{"line":162,"column":null}},{"start":{"line":164,"column":14},"end":{"line":166,"column":null}}],"line":155},"14":{"loc":{"start":{"line":158,"column":26},"end":{"line":158,"column":null}},"type":"binary-expr","locations":[{"start":{"line":158,"column":26},"end":{"line":158,"column":37}},{"start":{"line":158,"column":37},"end":{"line":158,"column":null}}],"line":158},"15":{"loc":{"start":{"line":161,"column":17},"end":{"line":161,"column":null}},"type":"cond-expr","locations":[{"start":{"line":161,"column":27},"end":{"line":161,"column":43}},{"start":{"line":161,"column":43},"end":{"line":161,"column":null}}],"line":161}},"s":{"0":0,"1":0,"2":0,"3":0,"4":0,"5":0,"6":0,"7":0,"8":0,"9":0,"10":0,"11":0,"12":0,"13":0,"14":0,"15":0,"16":0,"17":0,"18":0,"19":0,"20":0,"21":0,"22":0,"23":0,"24":0,"25":0,"26":0,"27":0,"28":0,"29":0,"30":0,"31":0,"32":0},"f":{"0":0,"1":0,"2":0,"3":0,"4":0,"5":0,"6":0,"7":0,"8":0},"b":{"0":[0,0],"1":[0,0],"2":[0,0],"3":[0,0],"4":[0,0],"5":[0,0],"6":[0,0],"7":[0,0],"8":[0,0],"9":[0,0],"10":[0,0],"11":[0,0],"12":[0,0],"13":[0,0],"14":[0,0],"15":[0,0]},"meta":{"lastBranch":16,"lastFunction":9,"lastStatement":33,"seen":{"f:7:9:7:25":0,"s:8:18:8:Infinity":0,"s:9:32:9:Infinity":1,"s:10:24:10:Infinity":2,"s:11:38:11:Infinity":3,"s:12:40:12:Infinity":4,"s:13:28:13:Infinity":5,"s:14:24:14:Infinity":6,"s:17:26:17:Infinity":7,"b:17:26:17:50:17:50:17:Infinity":0,"s:20:2:32:Infinity":8,"f:20:12:20:18":1,"s:21:4:31:Infinity":9,"f:23:12:23:13":2,"b:24:8:26:Infinity:undefined:undefined:undefined:undefined":1,"s:24:8:26:Infinity":10,"s:25:10:25:Infinity":11,"f:28:13:28:14":3,"s:29:8:29:Infinity":12,"s:30:8:30:Infinity":13,"s:34:27:61:Infinity":14,"f:34:27:34:39":4,"b:35:4:38:Infinity:undefined:undefined:undefined:undefined":2,"s:35:4:38:Infinity":15,"s:36:6:36:Infinity":16,"s:37:6:37:Infinity":17,"s:40:4:40:Infinity":18,"s:41:4:41:Infinity":19,"s:43:4:60:Infinity":20,"s:45:21:48:Infinity":21,"b:47:47:47:63:47:63:47:Infinity":3,"b:50:6:52:Infinity:undefined:undefined:undefined:undefined":4,"s:50:6:52:Infinity":22,"s:51:8:51:Infinity":23,"s:54:6:54:Infinity":24,"s:56:6:56:Infinity":25,"s:57:6:57:Infinity":26,"s:59:6:59:Infinity":27,"s:63:2:171:Infinity":28,"b:67:9:67:Infinity:68:10:70:Infinity":5,"f:80:22:80:23":5,"s:80:29:80:Infinity":29,"f:84:23:84:24":6,"s:85:14:87:Infinity":30,"b:92:9:92:Infinity:93:10:107:Infinity":6,"f:97:24:97:25":7,"s:97:31:97:Infinity":31,"b:117:10:126:Infinity:128:10:128:Infinity":7,"f:118:25:118:26":8,"s:119:14:124:Infinity":32,"b:133:7:133:Infinity:134:8:136:Infinity":8,"b:142:9:142:Infinity:143:10:149:Infinity":9,"b:145:22:145:33:145:33:145:Infinity":10,"b:148:23:148:39:148:39:148:Infinity":11,"b:153:9:153:Infinity:154:10:168:Infinity":12,"b:156:14:162:Infinity:164:14:166:Infinity":13,"b:158:26:158:37:158:37:158:Infinity":14,"b:161:27:161:43:161:43:161:Infinity":15}}}
,"/home/simonerocutto/work/extended-joust/client/src/components/dashboard/CountdownDisplay.tsx": {"path":"/home/simonerocutto/work/extended-joust/client/src/components/dashboard/CountdownDisplay.tsx","statementMap":{"0":{"start":{"line":4,"column":43},"end":{"line":4,"column":null}},"1":{"start":{"line":6,"column":2},"end":{"line":33,"column":null}}},"fnMap":{"0":{"name":"CountdownDisplay","decl":{"start":{"line":3,"column":9},"end":{"line":3,"column":28}},"loc":{"start":{"line":3,"column":28},"end":{"line":35,"column":null}},"line":3}},"branchMap":{"0":{"loc":{"start":{"line":9,"column":9},"end":{"line":18,"column":null}},"type":"binary-expr","locations":[{"start":{"line":9,"column":9},"end":{"line":9,"column":43}},{"start":{"line":9,"column":43},"end":{"line":9,"column":null}},{"start":{"line":10,"column":10},"end":{"line":18,"column":null}}],"line":9},"1":{"loc":{"start":{"line":21,"column":9},"end":{"line":24,"column":null}},"type":"binary-expr","locations":[{"start":{"line":21,"column":9},"end":{"line":21,"column":43}},{"start":{"line":21,"column":43},"end":{"line":21,"column":68}},{"start":{"line":21,"column":68},"end":{"line":21,"column":null}},{"start":{"line":22,"column":10},"end":{"line":24,"column":null}}],"line":21},"2":{"loc":{"start":{"line":27,"column":9},"end":{"line":30,"column":null}},"type":"binary-expr","locations":[{"start":{"line":27,"column":9},"end":{"line":27,"column":null}},{"start":{"line":28,"column":10},"end":{"line":30,"column":null}}],"line":27}},"s":{"0":0,"1":0},"f":{"0":0},"b":{"0":[0,0,0],"1":[0,0,0,0],"2":[0,0]},"meta":{"lastBranch":3,"lastFunction":1,"lastStatement":2,"seen":{"f:3:9:3:28":0,"s:4:43:4:Infinity":0,"s:6:2:33:Infinity":1,"b:9:9:9:43:9:43:9:Infinity:10:10:18:Infinity":0,"b:21:9:21:43:21:43:21:68:21:68:21:Infinity:22:10:24:Infinity":1,"b:27:9:27:Infinity:28:10:30:Infinity":2}}}
,"/home/simonerocutto/work/extended-joust/client/src/components/dashboard/EventFeed.tsx": {"path":"/home/simonerocutto/work/extended-joust/client/src/components/dashboard/EventFeed.tsx","statementMap":{"0":{"start":{"line":5,"column":43},"end":{"line":5,"column":null}},"1":{"start":{"line":6,"column":21},"end":{"line":6,"column":null}},"2":{"start":{"line":8,"column":2},"end":{"line":27,"column":null}}},"fnMap":{"0":{"name":"EventFeed","decl":{"start":{"line":4,"column":9},"end":{"line":4,"column":21}},"loc":{"start":{"line":4,"column":21},"end":{"line":29,"column":null}},"line":4}},"branchMap":{"0":{"loc":{"start":{"line":13,"column":11},"end":{"line":14,"column":null}},"type":"binary-expr","locations":[{"start":{"line":13,"column":11},"end":{"line":13,"column":null}},{"start":{"line":14,"column":12},"end":{"line":14,"column":null}}],"line":13},"1":{"loc":{"start":{"line":17,"column":13},"end":{"line":17,"column":null}},"type":"binary-expr","locations":[{"start":{"line":17,"column":13},"end":{"line":17,"column":28}},{"start":{"line":17,"column":28},"end":{"line":17,"column":null}}],"line":17}},"s":{"0":0,"1":0,"2":0},"f":{"0":0},"b":{"0":[0,0],"1":[0,0]},"meta":{"lastBranch":2,"lastFunction":1,"lastStatement":3,"seen":{"f:4:9:4:21":0,"s:5:43:5:Infinity":0,"s:6:21:6:Infinity":1,"s:8:2:27:Infinity":2,"b:13:11:13:Infinity:14:12:14:Infinity":0,"b:17:13:17:28:17:28:17:Infinity":1}}}
,"/home/simonerocutto/work/extended-joust/client/src/components/dashboard/GameState.tsx": {"path":"/home/simonerocutto/work/extended-joust/client/src/components/dashboard/GameState.tsx","statementMap":{"0":{"start":{"line":15,"column":2},"end":{"line":15,"column":null}},"1":{"start":{"line":17,"column":25},"end":{"line":17,"column":null}},"2":{"start":{"line":20,"column":24},"end":{"line":20,"column":null}},"3":{"start":{"line":21,"column":24},"end":{"line":21,"column":null}},"4":{"start":{"line":23,"column":2},"end":{"line":61,"column":null}}},"fnMap":{"0":{"name":"GameState","decl":{"start":{"line":7,"column":9},"end":{"line":7,"column":21}},"loc":{"start":{"line":7,"column":21},"end":{"line":63,"column":null}},"line":7}},"branchMap":{"0":{"loc":{"start":{"line":21,"column":24},"end":{"line":21,"column":null}},"type":"cond-expr","locations":[{"start":{"line":21,"column":35},"end":{"line":21,"column":62}},{"start":{"line":21,"column":62},"end":{"line":21,"column":null}}],"line":21},"1":{"loc":{"start":{"line":31,"column":11},"end":{"line":34,"column":null}},"type":"binary-expr","locations":[{"start":{"line":31,"column":11},"end":{"line":31,"column":null}},{"start":{"line":32,"column":12},"end":{"line":34,"column":null}}],"line":31},"2":{"loc":{"start":{"line":36,"column":11},"end":{"line":36,"column":null}},"type":"binary-expr","locations":[{"start":{"line":36,"column":11},"end":{"line":36,"column":24}},{"start":{"line":36,"column":24},"end":{"line":36,"column":null}}],"line":36},"3":{"loc":{"start":{"line":40,"column":9},"end":{"line":43,"column":null}},"type":"binary-expr","locations":[{"start":{"line":40,"column":9},"end":{"line":40,"column":21}},{"start":{"line":40,"column":21},"end":{"line":40,"column":null}},{"start":{"line":41,"column":10},"end":{"line":43,"column":null}}],"line":40},"4":{"loc":{"start":{"line":48,"column":11},"end":{"line":51,"column":null}},"type":"binary-expr","locations":[{"start":{"line":48,"column":11},"end":{"line":48,"column":null}},{"start":{"line":49,"column":12},"end":{"line":51,"column":null}}],"line":48},"5":{"loc":{"start":{"line":53,"column":11},"end":{"line":57,"column":null}},"type":"binary-expr","locations":[{"start":{"line":53,"column":11},"end":{"line":53,"column":null}},{"start":{"line":54,"column":12},"end":{"line":57,"column":null}}],"line":53}},"s":{"0":0,"1":0,"2":0,"3":0,"4":0},"f":{"0":0},"b":{"0":[0,0],"1":[0,0],"2":[0,0],"3":[0,0,0],"4":[0,0],"5":[0,0]},"meta":{"lastBranch":6,"lastFunction":1,"lastStatement":5,"seen":{"f:7:9:7:21":0,"s:15:2:15:Infinity":0,"s:17:25:17:Infinity":1,"s:20:24:20:Infinity":2,"s:21:24:21:Infinity":3,"b:21:35:21:62:21:62:21:Infinity":0,"s:23:2:61:Infinity":4,"b:31:11:31:Infinity:32:12:34:Infinity":1,"b:36:11:36:24:36:24:36:Infinity":2,"b:40:9:40:21:40:21:40:Infinity:41:10:43:Infinity":3,"b:48:11:48:Infinity:49:12:51:Infinity":4,"b:53:11:53:Infinity:54:12:57:Infinity":5}}}
,"/home/simonerocutto/work/extended-joust/client/src/components/dashboard/PlayerCard.tsx": {"path":"/home/simonerocutto/work/extended-joust/client/src/components/dashboard/PlayerCard.tsx","statementMap":{"0":{"start":{"line":17,"column":34},"end":{"line":17,"column":null}},"1":{"start":{"line":18,"column":44},"end":{"line":18,"column":null}},"2":{"start":{"line":21,"column":2},"end":{"line":27,"column":null}},"3":{"start":{"line":22,"column":4},"end":{"line":26,"column":null}},"4":{"start":{"line":23,"column":6},"end":{"line":23,"column":null}},"5":{"start":{"line":24,"column":20},"end":{"line":24,"column":null}},"6":{"start":{"line":24,"column":37},"end":{"line":24,"column":64}},"7":{"start":{"line":25,"column":6},"end":{"line":25,"column":null}},"8":{"start":{"line":25,"column":19},"end":{"line":25,"column":null}},"9":{"start":{"line":28,"column":8},"end":{"line":28,"column":null}},"10":{"start":{"line":29,"column":17},"end":{"line":29,"column":null}},"11":{"start":{"line":32,"column":24},"end":{"line":32,"column":null}},"12":{"start":{"line":35,"column":24},"end":{"line":58,"column":null}},"13":{"start":{"line":36,"column":4},"end":{"line":36,"column":null}},"14":{"start":{"line":36,"column":25},"end":{"line":36,"column":null}},"15":{"start":{"line":39,"column":20},"end":{"line":39,"column":null}},"16":{"start":{"line":42,"column":31},"end":{"line":44,"column":null}},"17":{"start":{"line":43,"column":13},"end":{"line":43,"column":null}},"18":{"start":{"line":45,"column":4},"end":{"line":45,"column":null}},"19":{"start":{"line":45,"column":28},"end":{"line":45,"column":null}},"20":{"start":{"line":48,"column":25},"end":{"line":50,"column":null}},"21":{"start":{"line":49,"column":13},"end":{"line":49,"column":null}},"22":{"start":{"line":51,"column":4},"end":{"line":51,"column":null}},"23":{"start":{"line":51,"column":22},"end":{"line":51,"column":null}},"24":{"start":{"line":54,"column":23},"end":{"line":54,"column":null}},"25":{"start":{"line":54,"column":43},"end":{"line":54,"column":63}},"26":{"start":{"line":55,"column":4},"end":{"line":55,"column":null}},"27":{"start":{"line":55,"column":20},"end":{"line":55,"column":null}},"28":{"start":{"line":57,"column":4},"end":{"line":57,"column":null}},"29":{"start":{"line":60,"column":21},"end":{"line":60,"column":null}},"30":{"start":{"line":61,"column":8},"end":{"line":61,"column":null}},"31":{"start":{"line":63,"column":2},"end":{"line":115,"column":null}}},"fnMap":{"0":{"name":"PlayerCard","decl":{"start":{"line":16,"column":9},"end":{"line":16,"column":20}},"loc":{"start":{"line":16,"column":49},"end":{"line":117,"column":null}},"line":16},"1":{"name":"(anonymous_1)","decl":{"start":{"line":21,"column":12},"end":{"line":21,"column":18}},"loc":{"start":{"line":21,"column":18},"end":{"line":27,"column":5}},"line":21},"2":{"name":"(anonymous_2)","decl":{"start":{"line":24,"column":31},"end":{"line":24,"column":37}},"loc":{"start":{"line":24,"column":37},"end":{"line":24,"column":64}},"line":24},"3":{"name":"(anonymous_3)","decl":{"start":{"line":25,"column":13},"end":{"line":25,"column":19}},"loc":{"start":{"line":25,"column":19},"end":{"line":25,"column":null}},"line":25},"4":{"name":"(anonymous_4)","decl":{"start":{"line":35,"column":24},"end":{"line":35,"column":30}},"loc":{"start":{"line":35,"column":30},"end":{"line":58,"column":null}},"line":35},"5":{"name":"(anonymous_5)","decl":{"start":{"line":43,"column":6},"end":{"line":43,"column":7}},"loc":{"start":{"line":43,"column":13},"end":{"line":43,"column":null}},"line":43},"6":{"name":"(anonymous_6)","decl":{"start":{"line":49,"column":6},"end":{"line":49,"column":7}},"loc":{"start":{"line":49,"column":13},"end":{"line":49,"column":null}},"line":49},"7":{"name":"(anonymous_7)","decl":{"start":{"line":54,"column":36},"end":{"line":54,"column":37}},"loc":{"start":{"line":54,"column":43},"end":{"line":54,"column":63}},"line":54}},"branchMap":{"0":{"loc":{"start":{"line":22,"column":4},"end":{"line":26,"column":null}},"type":"if","locations":[{"start":{"line":22,"column":4},"end":{"line":26,"column":null}},{"start":{},"end":{}}],"line":22},"1":{"loc":{"start":{"line":32,"column":24},"end":{"line":32,"column":null}},"type":"binary-expr","locations":[{"start":{"line":32,"column":24},"end":{"line":32,"column":40}},{"start":{"line":32,"column":40},"end":{"line":32,"column":null}}],"line":32},"2":{"loc":{"start":{"line":36,"column":4},"end":{"line":36,"column":null}},"type":"if","locations":[{"start":{"line":36,"column":4},"end":{"line":36,"column":null}},{"start":{},"end":{}}],"line":36},"3":{"loc":{"start":{"line":39,"column":20},"end":{"line":39,"column":null}},"type":"binary-expr","locations":[{"start":{"line":39,"column":20},"end":{"line":39,"column":44}},{"start":{"line":39,"column":44},"end":{"line":39,"column":null}}],"line":39},"4":{"loc":{"start":{"line":45,"column":4},"end":{"line":45,"column":null}},"type":"if","locations":[{"start":{"line":45,"column":4},"end":{"line":45,"column":null}},{"start":{},"end":{}}],"line":45},"5":{"loc":{"start":{"line":51,"column":4},"end":{"line":51,"column":null}},"type":"if","locations":[{"start":{"line":51,"column":4},"end":{"line":51,"column":null}},{"start":{},"end":{}}],"line":51},"6":{"loc":{"start":{"line":55,"column":4},"end":{"line":55,"column":null}},"type":"if","locations":[{"start":{"line":55,"column":4},"end":{"line":55,"column":null}},{"start":{},"end":{}}],"line":55},"7":{"loc":{"start":{"line":61,"column":8},"end":{"line":61,"column":null}},"type":"binary-expr","locations":[{"start":{"line":61,"column":26},"end":{"line":61,"column":39}},{"start":{"line":61,"column":39},"end":{"line":61,"column":56}},{"start":{"line":61,"column":56},"end":{"line":61,"column":null}}],"line":61},"8":{"loc":{"start":{"line":67,"column":10},"end":{"line":69,"column":null}},"type":"cond-expr","locations":[{"start":{"line":68,"column":12},"end":{"line":68,"column":null}},{"start":{"line":69,"column":12},"end":{"line":69,"column":null}}],"line":67},"9":{"loc":{"start":{"line":71,"column":10},"end":{"line":71,"column":53}},"type":"cond-expr","locations":[{"start":{"line":71,"column":36},"end":{"line":71,"column":51}},{"start":{"line":71,"column":51},"end":{"line":71,"column":53}}],"line":71},"10":{"loc":{"start":{"line":71,"column":10},"end":{"line":71,"column":36}},"type":"binary-expr","locations":[{"start":{"line":71,"column":10},"end":{"line":71,"column":20}},{"start":{"line":71,"column":20},"end":{"line":71,"column":36}}],"line":71},"11":{"loc":{"start":{"line":72,"column":10},"end":{"line":72,"column":52}},"type":"cond-expr","locations":[{"start":{"line":72,"column":28},"end":{"line":72,"column":50}},{"start":{"line":72,"column":50},"end":{"line":72,"column":52}}],"line":72},"12":{"loc":{"start":{"line":76,"column":7},"end":{"line":86,"column":null}},"type":"binary-expr","locations":[{"start":{"line":76,"column":7},"end":{"line":76,"column":null}},{"start":{"line":77,"column":8},"end":{"line":86,"column":null}}],"line":76},"13":{"loc":{"start":{"line":82,"column":14},"end":{"line":82,"column":58}},"type":"cond-expr","locations":[{"start":{"line":82,"column":32},"end":{"line":82,"column":56}},{"start":{"line":82,"column":56},"end":{"line":82,"column":58}}],"line":82},"14":{"loc":{"start":{"line":99,"column":7},"end":{"line":106,"column":null}},"type":"cond-expr","locations":[{"start":{"line":100,"column":8},"end":{"line":100,"column":null}},{"start":{"line":101,"column":10},"end":{"line":106,"column":null}}],"line":99},"15":{"loc":{"start":{"line":101,"column":10},"end":{"line":106,"column":null}},"type":"cond-expr","locations":[{"start":{"line":102,"column":8},"end":{"line":102,"column":null}},{"start":{"line":103,"column":10},"end":{"line":106,"column":null}}],"line":101},"16":{"loc":{"start":{"line":103,"column":10},"end":{"line":106,"column":null}},"type":"cond-expr","locations":[{"start":{"line":104,"column":8},"end":{"line":104,"column":null}},{"start":{"line":106,"column":8},"end":{"line":106,"column":null}}],"line":103},"17":{"loc":{"start":{"line":106,"column":30},"end":{"line":113,"column":null}},"type":"binary-expr","locations":[{"start":{"line":110,"column":8},"end":{"line":110,"column":19}},{"start":{"line":110,"column":19},"end":{"line":110,"column":null}},{"start":{"line":111,"column":8},"end":{"line":113,"column":null}}],"line":106},"18":{"loc":{"start":{"line":112,"column":11},"end":{"line":112,"column":52}},"type":"binary-expr","locations":[{"start":{"line":112,"column":11},"end":{"line":112,"column":33}},{"start":{"line":112,"column":33},"end":{"line":112,"column":50}},{"start":{"line":112,"column":50},"end":{"line":112,"column":52}}],"line":112}},"s":{"0":30,"1":30,"2":30,"3":27,"4":3,"5":3,"6":0,"7":3,"8":3,"9":30,"10":30,"11":30,"12":30,"13":30,"14":6,"15":24,"16":30,"17":5,"18":30,"19":2,"20":22,"21":2,"22":22,"23":1,"24":21,"25":1,"26":21,"27":1,"28":20,"29":30,"30":30,"31":30},"f":{"0":30,"1":27,"2":0,"3":3,"4":30,"5":5,"6":2,"7":1},"b":{"0":[3,24],"1":[30,6],"2":[6,24],"3":[24,1],"4":[2,28],"5":[1,21],"6":[1,20],"7":[30,8,28],"8":[4,26],"9":[4,26],"10":[30,6],"11":[3,27],"12":[30,4],"13":[2,2],"14":[4,26],"15":[6,20],"16":[4,16],"17":[30,6,26],"18":[26,1,0]},"meta":{"lastBranch":19,"lastFunction":8,"lastStatement":32,"seen":{"f:16:9:16:20":0,"s:17:34:17:Infinity":0,"s:18:44:18:Infinity":1,"s:21:2:27:Infinity":2,"f:21:12:21:18":1,"b:22:4:26:Infinity:undefined:undefined:undefined:undefined":0,"s:22:4:26:Infinity":3,"s:23:6:23:Infinity":4,"s:24:20:24:Infinity":5,"f:24:31:24:37":2,"s:24:37:24:64":6,"s:25:6:25:Infinity":7,"f:25:13:25:19":3,"s:25:19:25:Infinity":8,"s:28:8:28:Infinity":9,"s:29:17:29:Infinity":10,"s:32:24:32:Infinity":11,"b:32:24:32:40:32:40:32:Infinity":1,"s:35:24:58:Infinity":12,"f:35:24:35:30":4,"b:36:4:36:Infinity:undefined:undefined:undefined:undefined":2,"s:36:4:36:Infinity":13,"s:36:25:36:Infinity":14,"s:39:20:39:Infinity":15,"b:39:20:39:44:39:44:39:Infinity":3,"s:42:31:44:Infinity":16,"f:43:6:43:7":5,"s:43:13:43:Infinity":17,"b:45:4:45:Infinity:undefined:undefined:undefined:undefined":4,"s:45:4:45:Infinity":18,"s:45:28:45:Infinity":19,"s:48:25:50:Infinity":20,"f:49:6:49:7":6,"s:49:13:49:Infinity":21,"b:51:4:51:Infinity:undefined:undefined:undefined:undefined":5,"s:51:4:51:Infinity":22,"s:51:22:51:Infinity":23,"s:54:23:54:Infinity":24,"f:54:36:54:37":7,"s:54:43:54:63":25,"b:55:4:55:Infinity:undefined:undefined:undefined:undefined":6,"s:55:4:55:Infinity":26,"s:55:20:55:Infinity":27,"s:57:4:57:Infinity":28,"s:60:21:60:Infinity":29,"s:61:8:61:Infinity":30,"b:61:26:61:39:61:39:61:56:61:56:61:Infinity":7,"s:63:2:115:Infinity":31,"b:68:12:68:Infinity:69:12:69:Infinity":8,"b:71:36:71:51:71:51:71:53":9,"b:71:10:71:20:71:20:71:36":10,"b:72:28:72:50:72:50:72:52":11,"b:76:7:76:Infinity:77:8:86:Infinity":12,"b:82:32:82:56:82:56:82:58":13,"b:100:8:100:Infinity:101:10:106:Infinity":14,"b:102:8:102:Infinity:103:10:106:Infinity":15,"b:104:8:104:Infinity:106:8:106:Infinity":16,"b:110:8:110:19:110:19:110:Infinity:111:8:113:Infinity":17,"b:112:11:112:33:112:33:112:50:112:50:112:52":18}}}
,"/home/simonerocutto/work/extended-joust/client/src/components/dashboard/PlayerGrid.tsx": {"path":"/home/simonerocutto/work/extended-joust/client/src/components/dashboard/PlayerGrid.tsx","statementMap":{"0":{"start":{"line":5,"column":33},"end":{"line":5,"column":null}},"1":{"start":{"line":7,"column":2},"end":{"line":15,"column":null}},"2":{"start":{"line":8,"column":4},"end":{"line":13,"column":null}},"3":{"start":{"line":18,"column":22},"end":{"line":18,"column":null}},"4":{"start":{"line":19,"column":19},"end":{"line":19,"column":null}},"5":{"start":{"line":20,"column":14},"end":{"line":20,"column":null}},"6":{"start":{"line":22,"column":2},"end":{"line":32,"column":null}},"7":{"start":{"line":30,"column":8},"end":{"line":30,"column":null}}},"fnMap":{"0":{"name":"PlayerGrid","decl":{"start":{"line":4,"column":9},"end":{"line":4,"column":22}},"loc":{"start":{"line":4,"column":22},"end":{"line":34,"column":null}},"line":4},"1":{"name":"(anonymous_1)","decl":{"start":{"line":29,"column":25},"end":{"line":29,"column":26}},"loc":{"start":{"line":30,"column":8},"end":{"line":30,"column":null}},"line":30}},"branchMap":{"0":{"loc":{"start":{"line":7,"column":2},"end":{"line":15,"column":null}},"type":"if","locations":[{"start":{"line":7,"column":2},"end":{"line":15,"column":null}},{"start":{},"end":{}}],"line":7},"1":{"loc":{"start":{"line":19,"column":19},"end":{"line":19,"column":null}},"type":"cond-expr","locations":[{"start":{"line":19,"column":39},"end":{"line":19,"column":43}},{"start":{"line":19,"column":43},"end":{"line":19,"column":null}}],"line":19},"2":{"loc":{"start":{"line":19,"column":43},"end":{"line":19,"column":null}},"type":"cond-expr","locations":[{"start":{"line":19,"column":63},"end":{"line":19,"column":67}},{"start":{"line":19,"column":67},"end":{"line":19,"column":null}}],"line":19},"3":{"loc":{"start":{"line":20,"column":14},"end":{"line":20,"column":null}},"type":"cond-expr","locations":[{"start":{"line":20,"column":34},"end":{"line":20,"column":38}},{"start":{"line":20,"column":38},"end":{"line":20,"column":null}}],"line":20}},"s":{"0":0,"1":0,"2":0,"3":0,"4":0,"5":0,"6":0,"7":0},"f":{"0":0,"1":0},"b":{"0":[0,0],"1":[0,0],"2":[0,0],"3":[0,0]},"meta":{"lastBranch":4,"lastFunction":2,"lastStatement":8,"seen":{"f:4:9:4:22":0,"s:5:33:5:Infinity":0,"b:7:2:15:Infinity:undefined:undefined:undefined:undefined":0,"s:7:2:15:Infinity":1,"s:8:4:13:Infinity":2,"s:18:22:18:Infinity":3,"s:19:19:19:Infinity":4,"b:19:39:19:43:19:43:19:Infinity":1,"b:19:63:19:67:19:67:19:Infinity":2,"s:20:14:20:Infinity":5,"b:20:34:20:38:20:38:20:Infinity":3,"s:22:2:32:Infinity":6,"f:29:25:29:26":1,"s:30:8:30:Infinity":7}}}
,"/home/simonerocutto/work/extended-joust/client/src/components/dashboard/ReadyCounter.tsx": {"path":"/home/simonerocutto/work/extended-joust/client/src/components/dashboard/ReadyCounter.tsx","statementMap":{"0":{"start":{"line":4,"column":21},"end":{"line":4,"column":null}},"1":{"start":{"line":5,"column":27},"end":{"line":5,"column":null}},"2":{"start":{"line":7,"column":19},"end":{"line":7,"column":null}},"3":{"start":{"line":8,"column":20},"end":{"line":8,"column":null}},"4":{"start":{"line":10,"column":2},"end":{"line":23,"column":null}}},"fnMap":{"0":{"name":"ReadyCounter","decl":{"start":{"line":3,"column":9},"end":{"line":3,"column":24}},"loc":{"start":{"line":3,"column":24},"end":{"line":25,"column":null}},"line":3}},"branchMap":{"0":{"loc":{"start":{"line":7,"column":19},"end":{"line":7,"column":null}},"type":"binary-expr","locations":[{"start":{"line":7,"column":19},"end":{"line":7,"column":32}},{"start":{"line":7,"column":32},"end":{"line":7,"column":null}}],"line":7},"1":{"loc":{"start":{"line":14,"column":10},"end":{"line":18,"column":null}},"type":"cond-expr","locations":[{"start":{"line":15,"column":12},"end":{"line":15,"column":null}},{"start":{"line":16,"column":12},"end":{"line":18,"column":null}}],"line":14},"2":{"loc":{"start":{"line":16,"column":12},"end":{"line":18,"column":null}},"type":"cond-expr","locations":[{"start":{"line":17,"column":14},"end":{"line":17,"column":null}},{"start":{"line":18,"column":14},"end":{"line":18,"column":null}}],"line":16}},"s":{"0":0,"1":0,"2":0,"3":0,"4":0},"f":{"0":0},"b":{"0":[0,0],"1":[0,0],"2":[0,0]},"meta":{"lastBranch":3,"lastFunction":1,"lastStatement":5,"seen":{"f:3:9:3:24":0,"s:4:21:4:Infinity":0,"s:5:27:5:Infinity":1,"s:7:19:7:Infinity":2,"b:7:19:7:32:7:32:7:Infinity":0,"s:8:20:8:Infinity":3,"s:10:2:23:Infinity":4,"b:15:12:15:Infinity:16:12:18:Infinity":1,"b:17:14:17:Infinity:18:14:18:Infinity":2}}}
,"/home/simonerocutto/work/extended-joust/client/src/components/dashboard/Scoreboard.tsx": {"path":"/home/simonerocutto/work/extended-joust/client/src/components/dashboard/Scoreboard.tsx","statementMap":{"0":{"start":{"line":13,"column":2},"end":{"line":13,"column":null}},"1":{"start":{"line":15,"column":49},"end":{"line":15,"column":null}},"2":{"start":{"line":16,"column":36},"end":{"line":16,"column":null}},"3":{"start":{"line":17,"column":44},"end":{"line":17,"column":null}},"4":{"start":{"line":19,"column":26},"end":{"line":35,"column":null}},"5":{"start":{"line":20,"column":4},"end":{"line":20,"column":null}},"6":{"start":{"line":20,"column":25},"end":{"line":20,"column":null}},"7":{"start":{"line":22,"column":4},"end":{"line":22,"column":null}},"8":{"start":{"line":23,"column":4},"end":{"line":34,"column":null}},"9":{"start":{"line":24,"column":21},"end":{"line":24,"column":null}},"10":{"start":{"line":25,"column":6},"end":{"line":27,"column":null}},"11":{"start":{"line":26,"column":8},"end":{"line":26,"column":null}},"12":{"start":{"line":31,"column":6},"end":{"line":31,"column":null}},"13":{"start":{"line":33,"column":6},"end":{"line":33,"column":null}},"14":{"start":{"line":37,"column":24},"end":{"line":73,"column":null}},"15":{"start":{"line":38,"column":4},"end":{"line":38,"column":null}},"16":{"start":{"line":38,"column":21},"end":{"line":38,"column":null}},"17":{"start":{"line":40,"column":4},"end":{"line":40,"column":null}},"18":{"start":{"line":41,"column":4},"end":{"line":72,"column":null}},"19":{"start":{"line":43,"column":6},"end":{"line":43,"column":null}},"20":{"start":{"line":46,"column":6},"end":{"line":46,"column":null}},"21":{"start":{"line":47,"column":6},"end":{"line":47,"column":null}},"22":{"start":{"line":50,"column":26},"end":{"line":50,"column":null}},"23":{"start":{"line":51,"column":6},"end":{"line":65,"column":null}},"24":{"start":{"line":52,"column":29},"end":{"line":63,"column":null}},"25":{"start":{"line":52,"column":61},"end":{"line":63,"column":10}},"26":{"start":{"line":64,"column":8},"end":{"line":64,"column":null}},"27":{"start":{"line":67,"column":6},"end":{"line":67,"column":null}},"28":{"start":{"line":69,"column":6},"end":{"line":69,"column":null}},"29":{"start":{"line":71,"column":6},"end":{"line":71,"column":null}},"30":{"start":{"line":76,"column":23},"end":{"line":76,"column":null}},"31":{"start":{"line":76,"column":50},"end":{"line":76,"column":65}},"32":{"start":{"line":78,"column":2},"end":{"line":172,"column":null}},"33":{"start":{"line":102,"column":12},"end":{"line":139,"column":null}}},"fnMap":{"0":{"name":"Scoreboard","decl":{"start":{"line":6,"column":9},"end":{"line":6,"column":22}},"loc":{"start":{"line":6,"column":22},"end":{"line":174,"column":null}},"line":6},"1":{"name":"(anonymous_1)","decl":{"start":{"line":19,"column":26},"end":{"line":19,"column":38}},"loc":{"start":{"line":19,"column":38},"end":{"line":35,"column":null}},"line":19},"2":{"name":"(anonymous_2)","decl":{"start":{"line":37,"column":24},"end":{"line":37,"column":36}},"loc":{"start":{"line":37,"column":36},"end":{"line":73,"column":null}},"line":37},"3":{"name":"(anonymous_3)","decl":{"start":{"line":52,"column":53},"end":{"line":52,"column":54}},"loc":{"start":{"line":52,"column":61},"end":{"line":63,"column":10}},"line":52},"4":{"name":"(anonymous_4)","decl":{"start":{"line":76,"column":40},"end":{"line":76,"column":41}},"loc":{"start":{"line":76,"column":50},"end":{"line":76,"column":65}},"line":76},"5":{"name":"(anonymous_5)","decl":{"start":{"line":101,"column":28},"end":{"line":101,"column":29}},"loc":{"start":{"line":102,"column":12},"end":{"line":139,"column":null}},"line":102}},"branchMap":{"0":{"loc":{"start":{"line":20,"column":4},"end":{"line":20,"column":null}},"type":"if","locations":[{"start":{"line":20,"column":4},"end":{"line":20,"column":null}},{"start":{},"end":{}}],"line":20},"1":{"loc":{"start":{"line":25,"column":6},"end":{"line":27,"column":null}},"type":"if","locations":[{"start":{"line":25,"column":6},"end":{"line":27,"column":null}},{"start":{},"end":{}}],"line":25},"2":{"loc":{"start":{"line":38,"column":4},"end":{"line":38,"column":null}},"type":"if","locations":[{"start":{"line":38,"column":4},"end":{"line":38,"column":null}},{"start":{},"end":{}}],"line":38},"3":{"loc":{"start":{"line":51,"column":6},"end":{"line":65,"column":null}},"type":"if","locations":[{"start":{"line":51,"column":6},"end":{"line":65,"column":null}},{"start":{},"end":{}}],"line":51},"4":{"loc":{"start":{"line":51,"column":10},"end":{"line":51,"column":65}},"type":"binary-expr","locations":[{"start":{"line":51,"column":10},"end":{"line":51,"column":33}},{"start":{"line":51,"column":33},"end":{"line":51,"column":65}}],"line":51},"5":{"loc":{"start":{"line":83,"column":11},"end":{"line":85,"column":null}},"type":"cond-expr","locations":[{"start":{"line":84,"column":14},"end":{"line":84,"column":null}},{"start":{"line":85,"column":14},"end":{"line":85,"column":null}}],"line":83},"6":{"loc":{"start":{"line":87,"column":9},"end":{"line":90,"column":null}},"type":"binary-expr","locations":[{"start":{"line":87,"column":9},"end":{"line":87,"column":null}},{"start":{"line":88,"column":10},"end":{"line":90,"column":null}}],"line":87},"7":{"loc":{"start":{"line":106,"column":18},"end":{"line":106,"column":93}},"type":"cond-expr","locations":[{"start":{"line":106,"column":32},"end":{"line":106,"column":80}},{"start":{"line":106,"column":80},"end":{"line":106,"column":93}}],"line":106},"8":{"loc":{"start":{"line":112,"column":19},"end":{"line":112,"column":null}},"type":"cond-expr","locations":[{"start":{"line":112,"column":33},"end":{"line":112,"column":40}},{"start":{"line":112,"column":40},"end":{"line":112,"column":null}}],"line":112},"9":{"loc":{"start":{"line":112,"column":40},"end":{"line":112,"column":null}},"type":"cond-expr","locations":[{"start":{"line":112,"column":54},"end":{"line":112,"column":61}},{"start":{"line":112,"column":61},"end":{"line":112,"column":null}}],"line":112},"10":{"loc":{"start":{"line":112,"column":61},"end":{"line":112,"column":null}},"type":"cond-expr","locations":[{"start":{"line":112,"column":75},"end":{"line":112,"column":82}},{"start":{"line":112,"column":82},"end":{"line":112,"column":null}}],"line":112},"11":{"loc":{"start":{"line":116,"column":19},"end":{"line":116,"column":null}},"type":"cond-expr","locations":[{"start":{"line":116,"column":38},"end":{"line":116,"column":45}},{"start":{"line":116,"column":45},"end":{"line":116,"column":null}}],"line":116},"12":{"loc":{"start":{"line":116,"column":45},"end":{"line":116,"column":null}},"type":"cond-expr","locations":[{"start":{"line":116,"column":64},"end":{"line":116,"column":71}},{"start":{"line":116,"column":71},"end":{"line":116,"column":null}}],"line":116},"13":{"loc":{"start":{"line":116,"column":71},"end":{"line":116,"column":null}},"type":"cond-expr","locations":[{"start":{"line":116,"column":90},"end":{"line":116,"column":97}},{"start":{"line":116,"column":97},"end":{"line":116,"column":null}}],"line":116},"14":{"loc":{"start":{"line":133,"column":17},"end":{"line":136,"column":null}},"type":"binary-expr","locations":[{"start":{"line":133,"column":17},"end":{"line":133,"column":null}},{"start":{"line":134,"column":18},"end":{"line":136,"column":null}}],"line":133},"15":{"loc":{"start":{"line":146,"column":9},"end":{"line":169,"column":null}},"type":"cond-expr","locations":[{"start":{"line":147,"column":10},"end":{"line":157,"column":null}},{"start":{"line":159,"column":10},"end":{"line":169,"column":null}}],"line":146},"16":{"loc":{"start":{"line":146,"column":9},"end":{"line":146,"column":null}},"type":"binary-expr","locations":[{"start":{"line":146,"column":9},"end":{"line":146,"column":25}},{"start":{"line":146,"column":25},"end":{"line":146,"column":null}}],"line":146},"17":{"loc":{"start":{"line":151,"column":14},"end":{"line":153,"column":null}},"type":"cond-expr","locations":[{"start":{"line":152,"column":18},"end":{"line":152,"column":null}},{"start":{"line":153,"column":18},"end":{"line":153,"column":null}}],"line":151},"18":{"loc":{"start":{"line":156,"column":13},"end":{"line":156,"column":null}},"type":"cond-expr","locations":[{"start":{"line":156,"column":31},"end":{"line":156,"column":47}},{"start":{"line":156,"column":47},"end":{"line":156,"column":null}}],"line":156},"19":{"loc":{"start":{"line":163,"column":14},"end":{"line":165,"column":null}},"type":"cond-expr","locations":[{"start":{"line":164,"column":18},"end":{"line":164,"column":null}},{"start":{"line":165,"column":18},"end":{"line":165,"column":null}}],"line":163},"20":{"loc":{"start":{"line":168,"column":13},"end":{"line":168,"column":null}},"type":"cond-expr","locations":[{"start":{"line":168,"column":27},"end":{"line":168,"column":44}},{"start":{"line":168,"column":44},"end":{"line":168,"column":null}}],"line":168}},"s":{"0":0,"1":0,"2":0,"3":0,"4":0,"5":0,"6":0,"7":0,"8":0,"9":0,"10":0,"11":0,"12":0,"13":0,"14":0,"15":0,"16":0,"17":0,"18":0,"19":0,"20":0,"21":0,"22":0,"23":0,"24":0,"25":0,"26":0,"27":0,"28":0,"29":0,"30":0,"31":0,"32":0,"33":0},"f":{"0":0,"1":0,"2":0,"3":0,"4":0,"5":0},"b":{"0":[0,0],"1":[0,0],"2":[0,0],"3":[0,0],"4":[0,0],"5":[0,0],"6":[0,0],"7":[0,0],"8":[0,0],"9":[0,0],"10":[0,0],"11":[0,0],"12":[0,0],"13":[0,0],"14":[0,0],"15":[0,0],"16":[0,0],"17":[0,0],"18":[0,0],"19":[0,0],"20":[0,0]},"meta":{"lastBranch":21,"lastFunction":6,"lastStatement":34,"seen":{"f:6:9:6:22":0,"s:13:2:13:Infinity":0,"s:15:49:15:Infinity":1,"s:16:36:16:Infinity":2,"s:17:44:17:Infinity":3,"s:19:26:35:Infinity":4,"f:19:26:19:38":1,"b:20:4:20:Infinity:undefined:undefined:undefined:undefined":0,"s:20:4:20:Infinity":5,"s:20:25:20:Infinity":6,"s:22:4:22:Infinity":7,"s:23:4:34:Infinity":8,"s:24:21:24:Infinity":9,"b:25:6:27:Infinity:undefined:undefined:undefined:undefined":1,"s:25:6:27:Infinity":10,"s:26:8:26:Infinity":11,"s:31:6:31:Infinity":12,"s:33:6:33:Infinity":13,"s:37:24:73:Infinity":14,"f:37:24:37:36":2,"b:38:4:38:Infinity:undefined:undefined:undefined:undefined":2,"s:38:4:38:Infinity":15,"s:38:21:38:Infinity":16,"s:40:4:40:Infinity":17,"s:41:4:72:Infinity":18,"s:43:6:43:Infinity":19,"s:46:6:46:Infinity":20,"s:47:6:47:Infinity":21,"s:50:26:50:Infinity":22,"b:51:6:65:Infinity:undefined:undefined:undefined:undefined":3,"s:51:6:65:Infinity":23,"b:51:10:51:33:51:33:51:65":4,"s:52:29:63:Infinity":24,"f:52:53:52:54":3,"s:52:61:63:10":25,"s:64:8:64:Infinity":26,"s:67:6:67:Infinity":27,"s:69:6:69:Infinity":28,"s:71:6:71:Infinity":29,"s:76:23:76:Infinity":30,"f:76:40:76:41":4,"s:76:50:76:65":31,"s:78:2:172:Infinity":32,"b:84:14:84:Infinity:85:14:85:Infinity":5,"b:87:9:87:Infinity:88:10:90:Infinity":6,"f:101:28:101:29":5,"s:102:12:139:Infinity":33,"b:106:32:106:80:106:80:106:93":7,"b:112:33:112:40:112:40:112:Infinity":8,"b:112:54:112:61:112:61:112:Infinity":9,"b:112:75:112:82:112:82:112:Infinity":10,"b:116:38:116:45:116:45:116:Infinity":11,"b:116:64:116:71:116:71:116:Infinity":12,"b:116:90:116:97:116:97:116:Infinity":13,"b:133:17:133:Infinity:134:18:136:Infinity":14,"b:147:10:157:Infinity:159:10:169:Infinity":15,"b:146:9:146:25:146:25:146:Infinity":16,"b:152:18:152:Infinity:153:18:153:Infinity":17,"b:156:31:156:47:156:47:156:Infinity":18,"b:164:18:164:Infinity:165:18:165:Infinity":19,"b:168:27:168:44:168:44:168:Infinity":20}}}
,"/home/simonerocutto/work/extended-joust/client/src/components/player/ConnectionStatus.tsx": {"path":"/home/simonerocutto/work/extended-joust/client/src/components/player/ConnectionStatus.tsx","statementMap":{"0":{"start":{"line":4,"column":57},"end":{"line":4,"column":null}},"1":{"start":{"line":6,"column":2},"end":{"line":13,"column":null}},"2":{"start":{"line":7,"column":4},"end":{"line":11,"column":null}},"3":{"start":{"line":15,"column":2},"end":{"line":22,"column":null}},"4":{"start":{"line":16,"column":4},"end":{"line":20,"column":null}},"5":{"start":{"line":24,"column":2},"end":{"line":28,"column":null}}},"fnMap":{"0":{"name":"ConnectionStatus","decl":{"start":{"line":3,"column":9},"end":{"line":3,"column":28}},"loc":{"start":{"line":3,"column":28},"end":{"line":30,"column":null}},"line":3}},"branchMap":{"0":{"loc":{"start":{"line":6,"column":2},"end":{"line":13,"column":null}},"type":"if","locations":[{"start":{"line":6,"column":2},"end":{"line":13,"column":null}},{"start":{},"end":{}}],"line":6},"1":{"loc":{"start":{"line":6,"column":6},"end":{"line":6,"column":38}},"type":"binary-expr","locations":[{"start":{"line":6,"column":6},"end":{"line":6,"column":21}},{"start":{"line":6,"column":21},"end":{"line":6,"column":38}}],"line":6},"2":{"loc":{"start":{"line":15,"column":2},"end":{"line":22,"column":null}},"type":"if","locations":[{"start":{"line":15,"column":2},"end":{"line":22,"column":null}},{"start":{},"end":{}}],"line":15}},"s":{"0":0,"1":0,"2":0,"3":0,"4":0,"5":0},"f":{"0":0},"b":{"0":[0,0],"1":[0,0],"2":[0,0]},"meta":{"lastBranch":3,"lastFunction":1,"lastStatement":6,"seen":{"f:3:9:3:28":0,"s:4:57:4:Infinity":0,"b:6:2:13:Infinity:undefined:undefined:undefined:undefined":0,"s:6:2:13:Infinity":1,"b:6:6:6:21:6:21:6:38":1,"s:7:4:11:Infinity":2,"b:15:2:22:Infinity:undefined:undefined:undefined:undefined":2,"s:15:2:22:Infinity":3,"s:16:4:20:Infinity":4,"s:24:2:28:Infinity":5}}}
,"/home/simonerocutto/work/extended-joust/client/src/components/player/HealthBackground.tsx": {"path":"/home/simonerocutto/work/extended-joust/client/src/components/player/HealthBackground.tsx","statementMap":{"0":{"start":{"line":9,"column":8},"end":{"line":9,"column":null}},"1":{"start":{"line":12,"column":18},"end":{"line":12,"column":null}},"2":{"start":{"line":15,"column":29},"end":{"line":17,"column":null}},"3":{"start":{"line":16,"column":11},"end":{"line":16,"column":null}},"4":{"start":{"line":18,"column":23},"end":{"line":20,"column":null}},"5":{"start":{"line":19,"column":11},"end":{"line":19,"column":null}},"6":{"start":{"line":23,"column":24},"end":{"line":23,"column":null}},"7":{"start":{"line":24,"column":19},"end":{"line":24,"column":null}},"8":{"start":{"line":26,"column":2},"end":{"line":42,"column":null}},"9":{"start":{"line":27,"column":4},"end":{"line":27,"column":null}},"10":{"start":{"line":28,"column":4},"end":{"line":28,"column":null}},"11":{"start":{"line":29,"column":2},"end":{"line":42,"column":null}},"12":{"start":{"line":30,"column":4},"end":{"line":30,"column":null}},"13":{"start":{"line":31,"column":4},"end":{"line":31,"column":null}},"14":{"start":{"line":34,"column":4},"end":{"line":41,"column":null}},"15":{"start":{"line":35,"column":6},"end":{"line":35,"column":null}},"16":{"start":{"line":36,"column":4},"end":{"line":41,"column":null}},"17":{"start":{"line":37,"column":6},"end":{"line":37,"column":null}},"18":{"start":{"line":39,"column":6},"end":{"line":39,"column":null}},"19":{"start":{"line":40,"column":6},"end":{"line":40,"column":null}},"20":{"start":{"line":44,"column":2},"end":{"line":45,"column":null}}},"fnMap":{"0":{"name":"HealthBackground","decl":{"start":{"line":8,"column":9},"end":{"line":8,"column":26}},"loc":{"start":{"line":8,"column":61},"end":{"line":47,"column":null}},"line":8},"1":{"name":"(anonymous_1)","decl":{"start":{"line":16,"column":4},"end":{"line":16,"column":5}},"loc":{"start":{"line":16,"column":11},"end":{"line":16,"column":null}},"line":16},"2":{"name":"(anonymous_2)","decl":{"start":{"line":19,"column":4},"end":{"line":19,"column":5}},"loc":{"start":{"line":19,"column":11},"end":{"line":19,"column":null}},"line":19}},"branchMap":{"0":{"loc":{"start":{"line":12,"column":18},"end":{"line":12,"column":null}},"type":"binary-expr","locations":[{"start":{"line":12,"column":18},"end":{"line":12,"column":42}},{"start":{"line":12,"column":42},"end":{"line":12,"column":null}}],"line":12},"1":{"loc":{"start":{"line":19,"column":11},"end":{"line":19,"column":null}},"type":"binary-expr","locations":[{"start":{"line":19,"column":11},"end":{"line":19,"column":37}},{"start":{"line":19,"column":37},"end":{"line":19,"column":null}}],"line":19},"2":{"loc":{"start":{"line":26,"column":2},"end":{"line":42,"column":null}},"type":"if","locations":[{"start":{"line":26,"column":2},"end":{"line":42,"column":null}},{"start":{"line":29,"column":2},"end":{"line":42,"column":null}}],"line":26},"3":{"loc":{"start":{"line":29,"column":2},"end":{"line":42,"column":null}},"type":"if","locations":[{"start":{"line":29,"column":2},"end":{"line":42,"column":null}},{"start":{"line":32,"column":9},"end":{"line":42,"column":null}}],"line":29},"4":{"loc":{"start":{"line":34,"column":4},"end":{"line":41,"column":null}},"type":"if","locations":[{"start":{"line":34,"column":4},"end":{"line":41,"column":null}},{"start":{"line":36,"column":4},"end":{"line":41,"column":null}}],"line":34},"5":{"loc":{"start":{"line":36,"column":4},"end":{"line":41,"column":null}},"type":"if","locations":[{"start":{"line":36,"column":4},"end":{"line":41,"column":null}},{"start":{"line":38,"column":11},"end":{"line":41,"column":null}}],"line":36}},"s":{"0":15,"1":15,"2":15,"3":5,"4":15,"5":4,"6":15,"7":15,"8":15,"9":2,"10":2,"11":13,"12":2,"13":2,"14":11,"15":5,"16":6,"17":2,"18":4,"19":4,"20":15},"f":{"0":15,"1":5,"2":4},"b":{"0":[15,1],"1":[4,2],"2":[2,13],"3":[2,11],"4":[5,6],"5":[2,4]},"meta":{"lastBranch":6,"lastFunction":3,"lastStatement":21,"seen":{"f:8:9:8:26":0,"s:9:8:9:Infinity":0,"s:12:18:12:Infinity":1,"b:12:18:12:42:12:42:12:Infinity":0,"s:15:29:17:Infinity":2,"f:16:4:16:5":1,"s:16:11:16:Infinity":3,"s:18:23:20:Infinity":4,"f:19:4:19:5":2,"s:19:11:19:Infinity":5,"b:19:11:19:37:19:37:19:Infinity":1,"s:23:24:23:Infinity":6,"s:24:19:24:Infinity":7,"b:26:2:42:Infinity:29:2:42:Infinity":2,"s:26:2:42:Infinity":8,"s:27:4:27:Infinity":9,"s:28:4:28:Infinity":10,"b:29:2:42:Infinity:32:9:42:Infinity":3,"s:29:2:42:Infinity":11,"s:30:4:30:Infinity":12,"s:31:4:31:Infinity":13,"b:34:4:41:Infinity:36:4:41:Infinity":4,"s:34:4:41:Infinity":14,"s:35:6:35:Infinity":15,"b:36:4:41:Infinity:38:11:41:Infinity":5,"s:36:4:41:Infinity":16,"s:37:6:37:Infinity":17,"s:39:6:39:Infinity":18,"s:40:6:40:Infinity":19,"s:44:2:45:Infinity":20}}}
,"/home/simonerocutto/work/extended-joust/client/src/components/player/PlayerNumber.tsx": {"path":"/home/simonerocutto/work/extended-joust/client/src/components/player/PlayerNumber.tsx","statementMap":{"0":{"start":{"line":9,"column":30},"end":{"line":9,"column":null}},"1":{"start":{"line":11,"column":2},"end":{"line":20,"column":null}},"2":{"start":{"line":12,"column":23},"end":{"line":14,"column":null}},"3":{"start":{"line":13,"column":6},"end":{"line":13,"column":null}},"4":{"start":{"line":16,"column":4},"end":{"line":16,"column":null}},"5":{"start":{"line":17,"column":4},"end":{"line":17,"column":null}},"6":{"start":{"line":19,"column":4},"end":{"line":19,"column":null}},"7":{"start":{"line":19,"column":17},"end":{"line":19,"column":null}},"8":{"start":{"line":22,"column":2},"end":{"line":30,"column":null}}},"fnMap":{"0":{"name":"PlayerNumber","decl":{"start":{"line":8,"column":9},"end":{"line":8,"column":22}},"loc":{"start":{"line":8,"column":53},"end":{"line":32,"column":null}},"line":8},"1":{"name":"(anonymous_1)","decl":{"start":{"line":11,"column":12},"end":{"line":11,"column":18}},"loc":{"start":{"line":11,"column":18},"end":{"line":20,"column":5}},"line":11},"2":{"name":"(anonymous_2)","decl":{"start":{"line":12,"column":23},"end":{"line":12,"column":29}},"loc":{"start":{"line":12,"column":29},"end":{"line":14,"column":null}},"line":12},"3":{"name":"(anonymous_3)","decl":{"start":{"line":19,"column":11},"end":{"line":19,"column":17}},"loc":{"start":{"line":19,"column":17},"end":{"line":19,"column":null}},"line":19}},"branchMap":{},"s":{"0":0,"1":0,"2":0,"3":0,"4":0,"5":0,"6":0,"7":0,"8":0},"f":{"0":0,"1":0,"2":0,"3":0},"b":{},"meta":{"lastBranch":0,"lastFunction":4,"lastStatement":9,"seen":{"f:8:9:8:22":0,"s:9:30:9:Infinity":0,"s:11:2:20:Infinity":1,"f:11:12:11:18":1,"s:12:23:14:Infinity":2,"f:12:23:12:29":2,"s:13:6:13:Infinity":3,"s:16:4:16:Infinity":4,"s:17:4:17:Infinity":5,"s:19:4:19:Infinity":6,"f:19:11:19:17":3,"s:19:17:19:Infinity":7,"s:22:2:30:Infinity":8}}}
,"/home/simonerocutto/work/extended-joust/client/src/components/player/PortraitLock.tsx": {"path":"/home/simonerocutto/work/extended-joust/client/src/components/player/PortraitLock.tsx","statementMap":{"0":{"start":{"line":4,"column":2},"end":{"line":15,"column":null}}},"fnMap":{"0":{"name":"PortraitLock","decl":{"start":{"line":3,"column":9},"end":{"line":3,"column":24}},"loc":{"start":{"line":3,"column":24},"end":{"line":17,"column":null}},"line":3}},"branchMap":{},"s":{"0":0},"f":{"0":0},"b":{},"meta":{"lastBranch":0,"lastFunction":1,"lastStatement":1,"seen":{"f:3:9:3:24":0,"s:4:2:15:Infinity":0}}}
,"/home/simonerocutto/work/extended-joust/client/src/components/player/StatusEffects.tsx": {"path":"/home/simonerocutto/work/extended-joust/client/src/components/player/StatusEffects.tsx","statementMap":{"0":{"start":{"line":10,"column":21},"end":{"line":12,"column":null}},"1":{"start":{"line":11,"column":20},"end":{"line":11,"column":43}},"2":{"start":{"line":14,"column":2},"end":{"line":16,"column":null}},"3":{"start":{"line":15,"column":4},"end":{"line":15,"column":null}},"4":{"start":{"line":18,"column":18},"end":{"line":25,"column":null}},"5":{"start":{"line":19,"column":4},"end":{"line":19,"column":null}},"6":{"start":{"line":19,"column":36},"end":{"line":19,"column":null}},"7":{"start":{"line":20,"column":4},"end":{"line":21,"column":null}},"8":{"start":{"line":21,"column":6},"end":{"line":21,"column":null}},"9":{"start":{"line":22,"column":4},"end":{"line":22,"column":null}},"10":{"start":{"line":22,"column":28},"end":{"line":22,"column":null}},"11":{"start":{"line":23,"column":4},"end":{"line":23,"column":null}},"12":{"start":{"line":23,"column":30},"end":{"line":23,"column":null}},"13":{"start":{"line":24,"column":4},"end":{"line":24,"column":null}},"14":{"start":{"line":27,"column":25},"end":{"line":31,"column":null}},"15":{"start":{"line":28,"column":4},"end":{"line":28,"column":null}},"16":{"start":{"line":28,"column":21},"end":{"line":28,"column":null}},"17":{"start":{"line":29,"column":20},"end":{"line":29,"column":null}},"18":{"start":{"line":30,"column":4},"end":{"line":30,"column":null}},"19":{"start":{"line":33,"column":2},"end":{"line":46,"column":null}},"20":{"start":{"line":36,"column":8},"end":{"line":44,"column":null}}},"fnMap":{"0":{"name":"StatusEffects","decl":{"start":{"line":8,"column":9},"end":{"line":8,"column":23}},"loc":{"start":{"line":8,"column":56},"end":{"line":48,"column":null}},"line":8},"1":{"name":"(anonymous_1)","decl":{"start":{"line":11,"column":10},"end":{"line":11,"column":11}},"loc":{"start":{"line":11,"column":20},"end":{"line":11,"column":43}},"line":11},"2":{"name":"(anonymous_2)","decl":{"start":{"line":18,"column":18},"end":{"line":18,"column":19}},"loc":{"start":{"line":18,"column":44},"end":{"line":25,"column":null}},"line":18},"3":{"name":"(anonymous_3)","decl":{"start":{"line":27,"column":25},"end":{"line":27,"column":26}},"loc":{"start":{"line":27,"column":56},"end":{"line":31,"column":null}},"line":27},"4":{"name":"(anonymous_4)","decl":{"start":{"line":35,"column":22},"end":{"line":35,"column":23}},"loc":{"start":{"line":36,"column":8},"end":{"line":44,"column":null}},"line":36}},"branchMap":{"0":{"loc":{"start":{"line":14,"column":2},"end":{"line":16,"column":null}},"type":"if","locations":[{"start":{"line":14,"column":2},"end":{"line":16,"column":null}},{"start":{},"end":{}}],"line":14},"1":{"loc":{"start":{"line":19,"column":4},"end":{"line":19,"column":null}},"type":"if","locations":[{"start":{"line":19,"column":4},"end":{"line":19,"column":null}},{"start":{},"end":{}}],"line":19},"2":{"loc":{"start":{"line":20,"column":4},"end":{"line":21,"column":null}},"type":"if","locations":[{"start":{"line":20,"column":4},"end":{"line":21,"column":null}},{"start":{},"end":{}}],"line":20},"3":{"loc":{"start":{"line":20,"column":8},"end":{"line":20,"column":null}},"type":"binary-expr","locations":[{"start":{"line":20,"column":8},"end":{"line":20,"column":32}},{"start":{"line":20,"column":32},"end":{"line":20,"column":null}}],"line":20},"4":{"loc":{"start":{"line":22,"column":4},"end":{"line":22,"column":null}},"type":"if","locations":[{"start":{"line":22,"column":4},"end":{"line":22,"column":null}},{"start":{},"end":{}}],"line":22},"5":{"loc":{"start":{"line":23,"column":4},"end":{"line":23,"column":null}},"type":"if","locations":[{"start":{"line":23,"column":4},"end":{"line":23,"column":null}},{"start":{},"end":{}}],"line":23},"6":{"loc":{"start":{"line":28,"column":4},"end":{"line":28,"column":null}},"type":"if","locations":[{"start":{"line":28,"column":4},"end":{"line":28,"column":null}},{"start":{},"end":{}}],"line":28}},"s":{"0":14,"1":7,"2":14,"3":1,"4":13,"5":17,"6":7,"7":10,"8":4,"9":6,"10":6,"11":2,"12":2,"13":1,"14":13,"15":17,"16":1,"17":16,"18":16,"19":13,"20":17},"f":{"0":14,"1":7,"2":17,"3":17,"4":17},"b":{"0":[1,13],"1":[7,10],"2":[4,6],"3":[10,7],"4":[4,2],"5":[1,1],"6":[1,16]},"meta":{"lastBranch":7,"lastFunction":5,"lastStatement":21,"seen":{"f:8:9:8:23":0,"s:10:21:12:Infinity":0,"f:11:10:11:11":1,"s:11:20:11:43":1,"b:14:2:16:Infinity:undefined:undefined:undefined:undefined":0,"s:14:2:16:Infinity":2,"s:15:4:15:Infinity":3,"s:18:18:25:Infinity":4,"f:18:18:18:19":2,"b:19:4:19:Infinity:undefined:undefined:undefined:undefined":1,"s:19:4:19:Infinity":5,"s:19:36:19:Infinity":6,"b:20:4:21:Infinity:undefined:undefined:undefined:undefined":2,"s:20:4:21:Infinity":7,"b:20:8:20:32:20:32:20:Infinity":3,"s:21:6:21:Infinity":8,"b:22:4:22:Infinity:undefined:undefined:undefined:undefined":4,"s:22:4:22:Infinity":9,"s:22:28:22:Infinity":10,"b:23:4:23:Infinity:undefined:undefined:undefined:undefined":5,"s:23:4:23:Infinity":11,"s:23:30:23:Infinity":12,"s:24:4:24:Infinity":13,"s:27:25:31:Infinity":14,"f:27:25:27:26":3,"b:28:4:28:Infinity:undefined:undefined:undefined:undefined":6,"s:28:4:28:Infinity":15,"s:28:21:28:Infinity":16,"s:29:20:29:Infinity":17,"s:30:4:30:Infinity":18,"s:33:2:46:Infinity":19,"f:35:22:35:23":4,"s:36:8:44:Infinity":20}}}
,"/home/simonerocutto/work/extended-joust/client/src/components/player/TargetDisplay.tsx": {"path":"/home/simonerocutto/work/extended-joust/client/src/components/player/TargetDisplay.tsx","statementMap":{"0":{"start":{"line":9,"column":2},"end":{"line":13,"column":null}}},"fnMap":{"0":{"name":"TargetDisplay","decl":{"start":{"line":8,"column":9},"end":{"line":8,"column":23}},"loc":{"start":{"line":8,"column":55},"end":{"line":15,"column":null}},"line":8}},"branchMap":{},"s":{"0":0},"f":{"0":0},"b":{},"meta":{"lastBranch":0,"lastFunction":1,"lastStatement":1,"seen":{"f:8:9:8:23":0,"s:9:2:13:Infinity":0}}}
,"/home/simonerocutto/work/extended-joust/client/src/components/shared/ErrorBoundary.tsx": {"path":"/home/simonerocutto/work/extended-joust/client/src/components/shared/ErrorBoundary.tsx","statementMap":{"0":{"start":{"line":14,"column":4},"end":{"line":14,"column":null}},"1":{"start":{"line":15,"column":4},"end":{"line":15,"column":null}},"2":{"start":{"line":19,"column":4},"end":{"line":19,"column":null}},"3":{"start":{"line":23,"column":4},"end":{"line":23,"column":null}},"4":{"start":{"line":27,"column":4},"end":{"line":46,"column":null}},"5":{"start":{"line":28,"column":6},"end":{"line":44,"column":null}},"6":{"start":{"line":38,"column":29},"end":{"line":38,"column":null}},"7":{"start":{"line":48,"column":4},"end":{"line":48,"column":null}}},"fnMap":{"0":{"name":"(anonymous_0)","decl":{"start":{"line":13,"column":2},"end":{"line":13,"column":14}},"loc":{"start":{"line":13,"column":28},"end":{"line":16,"column":null}},"line":13},"1":{"name":"(anonymous_1)","decl":{"start":{"line":18,"column":9},"end":{"line":18,"column":34}},"loc":{"start":{"line":18,"column":55},"end":{"line":20,"column":null}},"line":18},"2":{"name":"(anonymous_2)","decl":{"start":{"line":22,"column":2},"end":{"line":22,"column":20}},"loc":{"start":{"line":22,"column":62},"end":{"line":24,"column":null}},"line":22},"3":{"name":"(anonymous_3)","decl":{"start":{"line":26,"column":2},"end":{"line":26,"column":11}},"loc":{"start":{"line":26,"column":11},"end":{"line":49,"column":null}},"line":26},"4":{"name":"(anonymous_4)","decl":{"start":{"line":38,"column":23},"end":{"line":38,"column":29}},"loc":{"start":{"line":38,"column":29},"end":{"line":38,"column":null}},"line":38}},"branchMap":{"0":{"loc":{"start":{"line":27,"column":4},"end":{"line":46,"column":null}},"type":"if","locations":[{"start":{"line":27,"column":4},"end":{"line":46,"column":null}},{"start":{},"end":{}}],"line":27},"1":{"loc":{"start":{"line":35,"column":15},"end":{"line":35,"column":null}},"type":"binary-expr","locations":[{"start":{"line":35,"column":15},"end":{"line":35,"column":44}},{"start":{"line":35,"column":44},"end":{"line":35,"column":null}}],"line":35}},"s":{"0":0,"1":0,"2":0,"3":0,"4":0,"5":0,"6":0,"7":0},"f":{"0":0,"1":0,"2":0,"3":0,"4":0},"b":{"0":[0,0],"1":[0,0]},"meta":{"lastBranch":2,"lastFunction":5,"lastStatement":8,"seen":{"f:13:2:13:14":0,"s:14:4:14:Infinity":0,"s:15:4:15:Infinity":1,"f:18:9:18:34":1,"s:19:4:19:Infinity":2,"f:22:2:22:20":2,"s:23:4:23:Infinity":3,"f:26:2:26:11":3,"b:27:4:46:Infinity:undefined:undefined:undefined:undefined":0,"s:27:4:46:Infinity":4,"s:28:6:44:Infinity":5,"b:35:15:35:44:35:44:35:Infinity":1,"f:38:23:38:29":4,"s:38:29:38:Infinity":6,"s:48:4:48:Infinity":7}}}
,"/home/simonerocutto/work/extended-joust/client/src/components/shared/LoadingSpinner.tsx": {"path":"/home/simonerocutto/work/extended-joust/client/src/components/shared/LoadingSpinner.tsx","statementMap":{"0":{"start":{"line":7,"column":22},"end":{"line":11,"column":null}},"1":{"start":{"line":13,"column":2},"end":{"line":23,"column":null}}},"fnMap":{"0":{"name":"LoadingSpinner","decl":{"start":{"line":6,"column":9},"end":{"line":6,"column":24}},"loc":{"start":{"line":6,"column":68},"end":{"line":25,"column":null}},"line":6}},"branchMap":{"0":{"loc":{"start":{"line":6,"column":26},"end":{"line":6,"column":39}},"type":"default-arg","locations":[{"start":{"line":6,"column":33},"end":{"line":6,"column":39}}],"line":6},"1":{"loc":{"start":{"line":22,"column":7},"end":{"line":22,"column":null}},"type":"binary-expr","locations":[{"start":{"line":22,"column":7},"end":{"line":22,"column":15}},{"start":{"line":22,"column":15},"end":{"line":22,"column":null}}],"line":22}},"s":{"0":0,"1":0},"f":{"0":0},"b":{"0":[0],"1":[0,0]},"meta":{"lastBranch":2,"lastFunction":1,"lastStatement":2,"seen":{"f:6:9:6:24":0,"b:6:33:6:39":0,"s:7:22:11:Infinity":0,"s:13:2:23:Infinity":1,"b:22:7:22:15:22:15:22:Infinity":1}}}
,"/home/simonerocutto/work/extended-joust/client/src/components/shared/Logo.tsx": {"path":"/home/simonerocutto/work/extended-joust/client/src/components/shared/Logo.tsx","statementMap":{"0":{"start":{"line":6,"column":22},"end":{"line":10,"column":null}},"1":{"start":{"line":12,"column":2},"end":{"line":15,"column":null}}},"fnMap":{"0":{"name":"Logo","decl":{"start":{"line":5,"column":9},"end":{"line":5,"column":14}},"loc":{"start":{"line":5,"column":42},"end":{"line":17,"column":null}},"line":5}},"branchMap":{"0":{"loc":{"start":{"line":5,"column":16},"end":{"line":5,"column":28}},"type":"default-arg","locations":[{"start":{"line":5,"column":23},"end":{"line":5,"column":28}}],"line":5}},"s":{"0":0,"1":0},"f":{"0":0},"b":{"0":[0]},"meta":{"lastBranch":1,"lastFunction":1,"lastStatement":2,"seen":{"f:5:9:5:14":0,"b:5:23:5:28":0,"s:6:22:10:Infinity":0,"s:12:2:15:Infinity":1}}}
,"/home/simonerocutto/work/extended-joust/client/src/hooks/useAccelerometer.ts": {"path":"/home/simonerocutto/work/extended-joust/client/src/hooks/useAccelerometer.ts","statementMap":{"0":{"start":{"line":11,"column":40},"end":{"line":11,"column":null}},"1":{"start":{"line":12,"column":30},"end":{"line":12,"column":null}},"2":{"start":{"line":13,"column":36},"end":{"line":13,"column":null}},"3":{"start":{"line":14,"column":48},"end":{"line":14,"column":null}},"4":{"start":{"line":15,"column":30},"end":{"line":15,"column":null}},"5":{"start":{"line":17,"column":2},"end":{"line":19,"column":null}},"6":{"start":{"line":18,"column":4},"end":{"line":18,"column":null}},"7":{"start":{"line":21,"column":28},"end":{"line":25,"column":null}},"8":{"start":{"line":22,"column":20},"end":{"line":22,"column":null}},"9":{"start":{"line":23,"column":4},"end":{"line":23,"column":null}},"10":{"start":{"line":24,"column":4},"end":{"line":24,"column":null}},"11":{"start":{"line":27,"column":16},"end":{"line":39,"column":null}},"12":{"start":{"line":28,"column":4},"end":{"line":31,"column":null}},"13":{"start":{"line":29,"column":6},"end":{"line":29,"column":null}},"14":{"start":{"line":30,"column":6},"end":{"line":30,"column":null}},"15":{"start":{"line":33,"column":4},"end":{"line":36,"column":null}},"16":{"start":{"line":34,"column":6},"end":{"line":34,"column":null}},"17":{"start":{"line":35,"column":6},"end":{"line":35,"column":null}},"18":{"start":{"line":38,"column":4},"end":{"line":38,"column":null}},"19":{"start":{"line":41,"column":15},"end":{"line":44,"column":null}},"20":{"start":{"line":42,"column":4},"end":{"line":42,"column":null}},"21":{"start":{"line":43,"column":4},"end":{"line":43,"column":null}},"22":{"start":{"line":47,"column":2},"end":{"line":55,"column":null}},"23":{"start":{"line":48,"column":4},"end":{"line":50,"column":null}},"24":{"start":{"line":49,"column":6},"end":{"line":49,"column":null}},"25":{"start":{"line":52,"column":4},"end":{"line":54,"column":null}},"26":{"start":{"line":53,"column":6},"end":{"line":53,"column":null}},"27":{"start":{"line":57,"column":2},"end":{"line":65,"column":null}}},"fnMap":{"0":{"name":"useAccelerometer","decl":{"start":{"line":10,"column":16},"end":{"line":10,"column":33}},"loc":{"start":{"line":10,"column":72},"end":{"line":66,"column":null}},"line":10},"1":{"name":"(anonymous_1)","decl":{"start":{"line":17,"column":12},"end":{"line":17,"column":18}},"loc":{"start":{"line":17,"column":18},"end":{"line":19,"column":5}},"line":17},"2":{"name":"(anonymous_2)","decl":{"start":{"line":21,"column":28},"end":{"line":21,"column":40}},"loc":{"start":{"line":21,"column":40},"end":{"line":25,"column":null}},"line":21},"3":{"name":"(anonymous_3)","decl":{"start":{"line":27,"column":16},"end":{"line":27,"column":22}},"loc":{"start":{"line":27,"column":22},"end":{"line":39,"column":null}},"line":27},"4":{"name":"(anonymous_4)","decl":{"start":{"line":33,"column":31},"end":{"line":33,"column":32}},"loc":{"start":{"line":33,"column":41},"end":{"line":36,"column":5}},"line":33},"5":{"name":"(anonymous_5)","decl":{"start":{"line":41,"column":15},"end":{"line":41,"column":21}},"loc":{"start":{"line":41,"column":21},"end":{"line":44,"column":null}},"line":41},"6":{"name":"(anonymous_6)","decl":{"start":{"line":47,"column":12},"end":{"line":47,"column":18}},"loc":{"start":{"line":47,"column":18},"end":{"line":55,"column":5}},"line":47},"7":{"name":"(anonymous_7)","decl":{"start":{"line":52,"column":11},"end":{"line":52,"column":17}},"loc":{"start":{"line":52,"column":17},"end":{"line":54,"column":null}},"line":52}},"branchMap":{"0":{"loc":{"start":{"line":10,"column":33},"end":{"line":10,"column":72}},"type":"default-arg","locations":[{"start":{"line":10,"column":68},"end":{"line":10,"column":72}}],"line":10},"1":{"loc":{"start":{"line":11,"column":18},"end":{"line":11,"column":36}},"type":"default-arg","locations":[{"start":{"line":11,"column":30},"end":{"line":11,"column":36}}],"line":11},"2":{"loc":{"start":{"line":28,"column":4},"end":{"line":31,"column":null}},"type":"if","locations":[{"start":{"line":28,"column":4},"end":{"line":31,"column":null}},{"start":{},"end":{}}],"line":28},"3":{"loc":{"start":{"line":48,"column":4},"end":{"line":50,"column":null}},"type":"if","locations":[{"start":{"line":48,"column":4},"end":{"line":50,"column":null}},{"start":{},"end":{}}],"line":48},"4":{"loc":{"start":{"line":48,"column":8},"end":{"line":48,"column":53}},"type":"binary-expr","locations":[{"start":{"line":48,"column":8},"end":{"line":48,"column":21}},{"start":{"line":48,"column":21},"end":{"line":48,"column":42}},{"start":{"line":48,"column":42},"end":{"line":48,"column":53}}],"line":48}},"s":{"0":0,"1":0,"2":0,"3":0,"4":0,"5":0,"6":0,"7":0,"8":0,"9":0,"10":0,"11":0,"12":0,"13":0,"14":0,"15":0,"16":0,"17":0,"18":0,"19":0,"20":0,"21":0,"22":0,"23":0,"24":0,"25":0,"26":0,"27":0},"f":{"0":0,"1":0,"2":0,"3":0,"4":0,"5":0,"6":0,"7":0},"b":{"0":[0],"1":[0],"2":[0,0],"3":[0,0],"4":[0,0,0]},"meta":{"lastBranch":5,"lastFunction":8,"lastStatement":28,"seen":{"f:10:16:10:33":0,"b:10:68:10:72":0,"s:11:40:11:Infinity":0,"b:11:30:11:36":1,"s:12:30:12:Infinity":1,"s:13:36:13:Infinity":2,"s:14:48:14:Infinity":3,"s:15:30:15:Infinity":4,"s:17:2:19:Infinity":5,"f:17:12:17:18":1,"s:18:4:18:Infinity":6,"s:21:28:25:Infinity":7,"f:21:28:21:40":2,"s:22:20:22:Infinity":8,"s:23:4:23:Infinity":9,"s:24:4:24:Infinity":10,"s:27:16:39:Infinity":11,"f:27:16:27:22":3,"b:28:4:31:Infinity:undefined:undefined:undefined:undefined":2,"s:28:4:31:Infinity":12,"s:29:6:29:Infinity":13,"s:30:6:30:Infinity":14,"s:33:4:36:Infinity":15,"f:33:31:33:32":4,"s:34:6:34:Infinity":16,"s:35:6:35:Infinity":17,"s:38:4:38:Infinity":18,"s:41:15:44:Infinity":19,"f:41:15:41:21":5,"s:42:4:42:Infinity":20,"s:43:4:43:Infinity":21,"s:47:2:55:Infinity":22,"f:47:12:47:18":6,"b:48:4:50:Infinity:undefined:undefined:undefined:undefined":3,"s:48:4:50:Infinity":23,"b:48:8:48:21:48:21:48:42:48:42:48:53":4,"s:49:6:49:Infinity":24,"s:52:4:54:Infinity":25,"f:52:11:52:17":7,"s:53:6:53:Infinity":26,"s:57:2:65:Infinity":27}}}
,"/home/simonerocutto/work/extended-joust/client/src/hooks/useAudio.ts": {"path":"/home/simonerocutto/work/extended-joust/client/src/hooks/useAudio.ts","statementMap":{"0":{"start":{"line":6,"column":36},"end":{"line":6,"column":null}},"1":{"start":{"line":7,"column":28},"end":{"line":7,"column":null}},"2":{"start":{"line":8,"column":34},"end":{"line":8,"column":null}},"3":{"start":{"line":9,"column":42},"end":{"line":9,"column":null}},"4":{"start":{"line":10,"column":44},"end":{"line":10,"column":null}},"5":{"start":{"line":12,"column":2},"end":{"line":36,"column":null}},"6":{"start":{"line":14,"column":23},"end":{"line":14,"column":null}},"7":{"start":{"line":15,"column":4},"end":{"line":18,"column":null}},"8":{"start":{"line":16,"column":6},"end":{"line":16,"column":null}},"9":{"start":{"line":17,"column":6},"end":{"line":17,"column":null}},"10":{"start":{"line":21,"column":4},"end":{"line":23,"column":null}},"11":{"start":{"line":22,"column":6},"end":{"line":22,"column":null}},"12":{"start":{"line":26,"column":21},"end":{"line":31,"column":null}},"13":{"start":{"line":27,"column":21},"end":{"line":27,"column":null}},"14":{"start":{"line":28,"column":6},"end":{"line":28,"column":null}},"15":{"start":{"line":29,"column":6},"end":{"line":29,"column":null}},"16":{"start":{"line":30,"column":6},"end":{"line":30,"column":null}},"17":{"start":{"line":33,"column":4},"end":{"line":35,"column":null}},"18":{"start":{"line":34,"column":6},"end":{"line":34,"column":null}},"19":{"start":{"line":38,"column":15},"end":{"line":40,"column":null}},"20":{"start":{"line":39,"column":4},"end":{"line":39,"column":null}},"21":{"start":{"line":42,"column":15},"end":{"line":44,"column":null}},"22":{"start":{"line":43,"column":4},"end":{"line":43,"column":null}},"23":{"start":{"line":46,"column":15},"end":{"line":48,"column":null}},"24":{"start":{"line":47,"column":4},"end":{"line":47,"column":null}},"25":{"start":{"line":50,"column":20},"end":{"line":55,"column":null}},"26":{"start":{"line":54,"column":4},"end":{"line":54,"column":null}},"27":{"start":{"line":57,"column":20},"end":{"line":59,"column":null}},"28":{"start":{"line":58,"column":4},"end":{"line":58,"column":null}},"29":{"start":{"line":61,"column":16},"end":{"line":63,"column":null}},"30":{"start":{"line":62,"column":4},"end":{"line":62,"column":null}},"31":{"start":{"line":65,"column":23},"end":{"line":67,"column":null}},"32":{"start":{"line":66,"column":4},"end":{"line":66,"column":null}},"33":{"start":{"line":69,"column":15},"end":{"line":72,"column":null}},"34":{"start":{"line":70,"column":4},"end":{"line":70,"column":null}},"35":{"start":{"line":71,"column":4},"end":{"line":71,"column":null}},"36":{"start":{"line":74,"column":17},"end":{"line":77,"column":null}},"37":{"start":{"line":75,"column":4},"end":{"line":75,"column":null}},"38":{"start":{"line":76,"column":4},"end":{"line":76,"column":null}},"39":{"start":{"line":79,"column":21},"end":{"line":85,"column":null}},"40":{"start":{"line":80,"column":4},"end":{"line":84,"column":null}},"41":{"start":{"line":81,"column":6},"end":{"line":81,"column":null}},"42":{"start":{"line":83,"column":6},"end":{"line":83,"column":null}},"43":{"start":{"line":87,"column":2},"end":{"line":103,"column":null}}},"fnMap":{"0":{"name":"useAudio","decl":{"start":{"line":5,"column":16},"end":{"line":5,"column":27}},"loc":{"start":{"line":5,"column":27},"end":{"line":104,"column":null}},"line":5},"1":{"name":"(anonymous_1)","decl":{"start":{"line":12,"column":12},"end":{"line":12,"column":18}},"loc":{"start":{"line":12,"column":18},"end":{"line":36,"column":5}},"line":12},"2":{"name":"(anonymous_2)","decl":{"start":{"line":15,"column":42},"end":{"line":15,"column":48}},"loc":{"start":{"line":15,"column":48},"end":{"line":18,"column":5}},"line":15},"3":{"name":"(anonymous_3)","decl":{"start":{"line":21,"column":26},"end":{"line":21,"column":32}},"loc":{"start":{"line":21,"column":32},"end":{"line":23,"column":5}},"line":21},"4":{"name":"(anonymous_4)","decl":{"start":{"line":26,"column":33},"end":{"line":26,"column":39}},"loc":{"start":{"line":26,"column":39},"end":{"line":31,"column":7}},"line":26},"5":{"name":"(anonymous_5)","decl":{"start":{"line":33,"column":11},"end":{"line":33,"column":17}},"loc":{"start":{"line":33,"column":17},"end":{"line":35,"column":null}},"line":33},"6":{"name":"(anonymous_6)","decl":{"start":{"line":38,"column":15},"end":{"line":38,"column":16}},"loc":{"start":{"line":38,"column":69},"end":{"line":40,"column":null}},"line":38},"7":{"name":"(anonymous_7)","decl":{"start":{"line":42,"column":15},"end":{"line":42,"column":16}},"loc":{"start":{"line":42,"column":69},"end":{"line":44,"column":null}},"line":42},"8":{"name":"(anonymous_8)","decl":{"start":{"line":46,"column":15},"end":{"line":46,"column":16}},"loc":{"start":{"line":46,"column":38},"end":{"line":48,"column":null}},"line":46},"9":{"name":"(anonymous_9)","decl":{"start":{"line":50,"column":20},"end":{"line":50,"column":null}},"loc":{"start":{"line":53,"column":7},"end":{"line":55,"column":null}},"line":53},"10":{"name":"(anonymous_10)","decl":{"start":{"line":57,"column":20},"end":{"line":57,"column":26}},"loc":{"start":{"line":57,"column":26},"end":{"line":59,"column":null}},"line":57},"11":{"name":"(anonymous_11)","decl":{"start":{"line":61,"column":16},"end":{"line":61,"column":17}},"loc":{"start":{"line":61,"column":34},"end":{"line":63,"column":null}},"line":61},"12":{"name":"(anonymous_12)","decl":{"start":{"line":65,"column":23},"end":{"line":65,"column":29}},"loc":{"start":{"line":65,"column":29},"end":{"line":67,"column":null}},"line":65},"13":{"name":"(anonymous_13)","decl":{"start":{"line":69,"column":15},"end":{"line":69,"column":21}},"loc":{"start":{"line":69,"column":21},"end":{"line":72,"column":null}},"line":69},"14":{"name":"(anonymous_14)","decl":{"start":{"line":74,"column":17},"end":{"line":74,"column":23}},"loc":{"start":{"line":74,"column":23},"end":{"line":77,"column":null}},"line":74},"15":{"name":"(anonymous_15)","decl":{"start":{"line":79,"column":21},"end":{"line":79,"column":27}},"loc":{"start":{"line":79,"column":27},"end":{"line":85,"column":null}},"line":79}},"branchMap":{"0":{"loc":{"start":{"line":80,"column":4},"end":{"line":84,"column":null}},"type":"if","locations":[{"start":{"line":80,"column":4},"end":{"line":84,"column":null}},{"start":{"line":82,"column":11},"end":{"line":84,"column":null}}],"line":80}},"s":{"0":0,"1":0,"2":0,"3":0,"4":0,"5":0,"6":0,"7":0,"8":0,"9":0,"10":0,"11":0,"12":0,"13":0,"14":0,"15":0,"16":0,"17":0,"18":0,"19":0,"20":0,"21":0,"22":0,"23":0,"24":0,"25":0,"26":0,"27":0,"28":0,"29":0,"30":0,"31":0,"32":0,"33":0,"34":0,"35":0,"36":0,"37":0,"38":0,"39":0,"40":0,"41":0,"42":0,"43":0},"f":{"0":0,"1":0,"2":0,"3":0,"4":0,"5":0,"6":0,"7":0,"8":0,"9":0,"10":0,"11":0,"12":0,"13":0,"14":0,"15":0},"b":{"0":[0,0]},"meta":{"lastBranch":1,"lastFunction":16,"lastStatement":44,"seen":{"f:5:16:5:27":0,"s:6:36:6:Infinity":0,"s:7:28:7:Infinity":1,"s:8:34:8:Infinity":2,"s:9:42:9:Infinity":3,"s:10:44:10:Infinity":4,"s:12:2:36:Infinity":5,"f:12:12:12:18":1,"s:14:23:14:Infinity":6,"s:15:4:18:Infinity":7,"f:15:42:15:48":2,"s:16:6:16:Infinity":8,"s:17:6:17:Infinity":9,"s:21:4:23:Infinity":10,"f:21:26:21:32":3,"s:22:6:22:Infinity":11,"s:26:21:31:Infinity":12,"f:26:33:26:39":4,"s:27:21:27:Infinity":13,"s:28:6:28:Infinity":14,"s:29:6:29:Infinity":15,"s:30:6:30:Infinity":16,"s:33:4:35:Infinity":17,"f:33:11:33:17":5,"s:34:6:34:Infinity":18,"s:38:15:40:Infinity":19,"f:38:15:38:16":6,"s:39:4:39:Infinity":20,"s:42:15:44:Infinity":21,"f:42:15:42:16":7,"s:43:4:43:Infinity":22,"s:46:15:48:Infinity":23,"f:46:15:46:16":8,"s:47:4:47:Infinity":24,"s:50:20:55:Infinity":25,"f:50:20:50:Infinity":9,"s:54:4:54:Infinity":26,"s:57:20:59:Infinity":27,"f:57:20:57:26":10,"s:58:4:58:Infinity":28,"s:61:16:63:Infinity":29,"f:61:16:61:17":11,"s:62:4:62:Infinity":30,"s:65:23:67:Infinity":31,"f:65:23:65:29":12,"s:66:4:66:Infinity":32,"s:69:15:72:Infinity":33,"f:69:15:69:21":13,"s:70:4:70:Infinity":34,"s:71:4:71:Infinity":35,"s:74:17:77:Infinity":36,"f:74:17:74:23":14,"s:75:4:75:Infinity":37,"s:76:4:76:Infinity":38,"s:79:21:85:Infinity":39,"f:79:21:79:27":15,"b:80:4:84:Infinity:82:11:84:Infinity":0,"s:80:4:84:Infinity":40,"s:81:6:81:Infinity":41,"s:83:6:83:Infinity":42,"s:87:2:103:Infinity":43}}}
[...]
12":1,"13":1,"14":1,"15":1,"16":2,"17":3,"18":6,"19":6,"20":7,"21":2,"22":2,"23":2,"24":1,"25":75},"b":{"0":[1,1],"1":[2,1],"2":[12,11],"3":[12,0],"4":[5,1],"5":[6,1],"6":[1,5]},"meta":{"lastBranch":7,"lastFunction":26,"lastStatement":40,"seen":{"s:65:13:209:Infinity":0,"f:65:46:65:47":0,"s:65:61:209:2":1,"f:97:16:97:17":1,"s:97:31:97:Infinity":2,"f:99:19:99:20":2,"s:100:4:100:Infinity":3,"f:102:15:102:16":3,"s:103:4:103:Infinity":4,"f:105:13:105:14":4,"s:105:23:105:Infinity":5,"f:107:15:107:16":5,"s:107:27:107:Infinity":6,"f:109:16:109:17":6,"b:111:4:113:Infinity:undefined:undefined:undefined:undefined":0,"s:111:4:113:Infinity":7,"s:112:6:112:Infinity":8,"s:116:4:118:Infinity":9,"f:116:8:116:9":7,"s:116:20:118:6":10,"f:117:33:117:34":8,"s:117:41:117:73":11,"b:117:62:117:71:117:71:117:73":1,"f:121:17:121:18":9,"s:122:4:122:Infinity":12,"s:125:23:125:Infinity":13,"b:126:4:131:Infinity:undefined:undefined:undefined:undefined":2,"s:126:4:131:Infinity":14,"s:127:23:127:Infinity":15,"f:127:36:127:37":10,"s:127:43:127:62":16,"b:128:6:130:Infinity:undefined:undefined:undefined:undefined":3,"s:128:6:130:Infinity":17,"s:129:8:129:Infinity":18,"f:134:16:134:17":11,"s:134:27:134:Infinity":19,"f:136:15:136:16":12,"s:136:25:136:Infinity":20,"f:138:12:138:13":13,"s:139:4:139:Infinity":21,"f:141:11:141:12":14,"s:141:21:141:Infinity":22,"f:143:18:143:19":15,"s:143:29:143:Infinity":23,"f:145:13:145:14":16,"s:145:25:145:Infinity":24,"f:147:16:147:17":17,"s:148:4:148:Infinity":25,"f:150:18:150:19":18,"s:151:4:172:Infinity":26,"f:151:8:151:9":19,"s:152:30:152:Infinity":27,"b:153:6:157:Infinity:155:13:157:Infinity":4,"s:153:6:157:Infinity":28,"s:154:8:154:Infinity":29,"s:156:8:156:Infinity":30,"s:160:29:162:Infinity":31,"f:160:47:160:48":20,"s:161:8:161:Infinity":32,"b:161:28:161:48:161:48:161:Infinity":5,"s:165:24:165:Infinity":33,"b:165:56:165:66:165:66:165:Infinity":6,"s:167:6:171:Infinity":34,"f:175:17:175:18":21,"s:175:28:175:Infinity":35,"f:177:14:177:15":22,"s:177:29:177:Infinity":36,"f:179:14:179:15":23,"s:179:27:179:Infinity":37,"f:181:19:181:Infinity":24,"s:182:4:186:Infinity":38,"f:188:9:188:Infinity":25,"s:189:4:208:Infinity":39}}}
,"/home/simonerocutto/work/extended-joust/client/src/types/game.types.ts": {"path":"/home/simonerocutto/work/extended-joust/client/src/types/game.types.ts","statementMap":{},"fnMap":{},"branchMap":{},"s":{},"f":{},"b":{},"meta":{"lastBranch":0,"lastFunction":0,"lastStatement":0,"seen":{}}}
,"/home/simonerocutto/work/extended-joust/client/src/types/player.types.ts": {"path":"/home/simonerocutto/work/extended-joust/client/src/types/player.types.ts","statementMap":{},"fnMap":{},"branchMap":{},"s":{},"f":{},"b":{},"meta":{"lastBranch":0,"lastFunction":0,"lastStatement":0,"seen":{}}}
,"/home/simonerocutto/work/extended-joust/client/src/types/socket.types.ts": {"path":"/home/simonerocutto/work/extended-joust/client/src/types/socket.types.ts","statementMap":{},"fnMap":{},"branchMap":{},"s":{},"f":{},"b":{},"meta":{"lastBranch":0,"lastFunction":0,"lastStatement":0,"seen":{}}}
,"/home/simonerocutto/work/extended-joust/client/src/utils/constants.ts": {"path":"/home/simonerocutto/work/extended-joust/client/src/utils/constants.ts","statementMap":{"0":{"start":{"line":3,"column":29},"end":{"line":10,"column":null}},"1":{"start":{"line":12,"column":33},"end":{"line":16,"column":null}},"2":{"start":{"line":18,"column":35},"end":{"line":22,"column":null}},"3":{"start":{"line":24,"column":36},"end":{"line":28,"column":null}},"4":{"start":{"line":30,"column":35},"end":{"line":34,"column":null}},"5":{"start":{"line":36,"column":29},"end":{"line":44,"column":null}},"6":{"start":{"line":46,"column":27},"end":{"line":61,"column":null}},"7":{"start":{"line":63,"column":28},"end":{"line":69,"column":null}}},"fnMap":{},"branchMap":{},"s":{"0":3,"1":3,"2":3,"3":3,"4":3,"5":3,"6":3,"7":3},"f":{},"b":{},"meta":{"lastBranch":0,"lastFunction":0,"lastStatement":8,"seen":{"s:3:29:10:Infinity":0,"s:12:33:16:Infinity":1,"s:18:35:22:Infinity":2,"s:24:36:28:Infinity":3,"s:30:35:34:Infinity":4,"s:36:29:44:Infinity":5,"s:46:27:61:Infinity":6,"s:63:28:69:Infinity":7}}}
,"/home/simonerocutto/work/extended-joust/client/src/utils/formatters.ts": {"path":"/home/simonerocutto/work/extended-joust/client/src/utils/formatters.ts","statementMap":{"0":{"start":{"line":2,"column":23},"end":{"line":2,"column":null}},"1":{"start":{"line":3,"column":18},"end":{"line":3,"column":null}},"2":{"start":{"line":4,"column":18},"end":{"line":4,"column":null}},"3":{"start":{"line":6,"column":2},"end":{"line":8,"column":null}},"4":{"start":{"line":15,"column":17},"end":{"line":15,"column":null}},"5":{"start":{"line":16,"column":21},"end":{"line":16,"column":null}},"6":{"start":{"line":17,"column":2},"end":{"line":17,"column":null}},"7":{"start":{"line":24,"column":17},"end":{"line":24,"column":null}},"8":{"start":{"line":25,"column":2},"end":{"line":25,"column":null}},"9":{"start":{"line":29,"column":2},"end":{"line":33,"column":null}},"10":{"start":{"line":30,"column":15},"end":{"line":30,"column":null}},"11":{"start":{"line":31,"column":14},"end":{"line":31,"column":null}},"12":{"start":{"line":32,"column":4},"end":{"line":32,"column":null}},"13":{"start":{"line":37,"column":2},"end":{"line":37,"column":null}},"14":{"start":{"line":37,"column":25},"end":{"line":37,"column":null}},"15":{"start":{"line":38,"column":2},"end":{"line":38,"column":null}},"16":{"start":{"line":38,"column":25},"end":{"line":38,"column":null}},"17":{"start":{"line":39,"column":2},"end":{"line":39,"column":null}}},"fnMap":{"0":{"name":"formatTime","decl":{"start":{"line":1,"column":16},"end":{"line":1,"column":27}},"loc":{"start":{"line":1,"column":57},"end":{"line":9,"column":null}},"line":1},"1":{"name":"formatHealth","decl":{"start":{"line":11,"column":16},"end":{"line":11,"column":null}},"loc":{"start":{"line":14,"column":10},"end":{"line":18,"column":null}},"line":14},"2":{"name":"getHealthPercentage","decl":{"start":{"line":20,"column":16},"end":{"line":20,"column":null}},"loc":{"start":{"line":23,"column":10},"end":{"line":26,"column":null}},"line":23},"3":{"name":"generateUUID","decl":{"start":{"line":28,"column":16},"end":{"line":28,"column":39}},"loc":{"start":{"line":28,"column":39},"end":{"line":34,"column":null}},"line":28},"4":{"name":"(anonymous_4)","decl":{"start":{"line":29,"column":65},"end":{"line":29,"column":66}},"loc":{"start":{"line":29,"column":72},"end":{"line":33,"column":3}},"line":29},"5":{"name":"getPlayerNumberSize","decl":{"start":{"line":36,"column":16},"end":{"line":36,"column":36}},"loc":{"start":{"line":36,"column":65},"end":{"line":40,"column":null}},"line":36}},"branchMap":{"0":{"loc":{"start":{"line":13,"column":2},"end":{"line":13,"column":null}},"type":"default-arg","locations":[{"start":{"line":13,"column":14},"end":{"line":13,"column":null}}],"line":13},"1":{"loc":{"start":{"line":22,"column":2},"end":{"line":22,"column":null}},"type":"default-arg","locations":[{"start":{"line":22,"column":14},"end":{"line":22,"column":null}}],"line":22},"2":{"loc":{"start":{"line":31,"column":14},"end":{"line":31,"column":null}},"type":"cond-expr","locations":[{"start":{"line":31,"column":26},"end":{"line":31,"column":31}},{"start":{"line":31,"column":31},"end":{"line":31,"column":null}}],"line":31},"3":{"loc":{"start":{"line":37,"column":2},"end":{"line":37,"column":null}},"type":"if","locations":[{"start":{"line":37,"column":2},"end":{"line":37,"column":null}},{"start":{},"end":{}}],"line":37},"4":{"loc":{"start":{"line":38,"column":2},"end":{"line":38,"column":null}},"type":"if","locations":[{"start":{"line":38,"column":2},"end":{"line":38,"column":null}},{"start":{},"end":{}}],"line":38}},"s":{"0":15,"1":15,"2":15,"3":15,"4":14,"5":14,"6":14,"7":64,"8":64,"9":122,"10":3782,"11":3782,"12":3782,"13":13,"14":4,"15":9,"16":5,"17":4},"f":{"0":15,"1":14,"2":64,"3":122,"4":3782,"5":13},"b":{"0":[14],"1":[64],"2":[3660,122],"3":[4,9],"4":[5,4]},"meta":{"lastBranch":5,"lastFunction":6,"lastStatement":18,"seen":{"f:1:16:1:27":0,"s:2:23:2:Infinity":0,"s:3:18:3:Infinity":1,"s:4:18:4:Infinity":2,"s:6:2:8:Infinity":3,"f:11:16:11:Infinity":1,"b:13:14:13:Infinity":0,"s:15:17:15:Infinity":4,"s:16:21:16:Infinity":5,"s:17:2:17:Infinity":6,"f:20:16:20:Infinity":2,"b:22:14:22:Infinity":1,"s:24:17:24:Infinity":7,"s:25:2:25:Infinity":8,"f:28:16:28:39":3,"s:29:2:33:Infinity":9,"f:29:65:29:66":4,"s:30:15:30:Infinity":10,"s:31:14:31:Infinity":11,"b:31:26:31:31:31:31:31:Infinity":2,"s:32:4:32:Infinity":12,"f:36:16:36:36":5,"b:37:2:37:Infinity:undefined:undefined:undefined:undefined":3,"s:37:2:37:Infinity":13,"s:37:25:37:Infinity":14,"b:38:2:38:Infinity:undefined:undefined:undefined:undefined":4,"s:38:2:38:Infinity":15,"s:38:25:38:Infinity":16,"s:39:2:39:Infinity":17}}}
,"/home/simonerocutto/work/extended-joust/client/src/utils/permissions.ts": {"path":"/home/simonerocutto/work/extended-joust/client/src/utils/permissions.ts","statementMap":{"0":{"start":{"line":3,"column":2},"end":{"line":14,"column":null}},"1":{"start":{"line":7,"column":4},"end":{"line":13,"column":null}},"2":{"start":{"line":8,"column":25},"end":{"line":8,"column":null}},"3":{"start":{"line":9,"column":6},"end":{"line":9,"column":null}},"4":{"start":{"line":11,"column":6},"end":{"line":11,"column":null}},"5":{"start":{"line":12,"column":6},"end":{"line":12,"column":null}},"6":{"start":{"line":17,"column":2},"end":{"line":17,"column":null}},"7":{"start":{"line":21,"column":2},"end":{"line":24,"column":null}},"8":{"start":{"line":22,"column":4},"end":{"line":22,"column":null}},"9":{"start":{"line":23,"column":4},"end":{"line":23,"column":null}},"10":{"start":{"line":26,"column":2},"end":{"line":33,"column":null}},"11":{"start":{"line":27,"column":21},"end":{"line":27,"column":null}},"12":{"start":{"line":28,"column":4},"end":{"line":28,"column":null}},"13":{"start":{"line":29,"column":4},"end":{"line":29,"column":null}},"14":{"start":{"line":31,"column":4},"end":{"line":31,"column":null}},"15":{"start":{"line":32,"column":4},"end":{"line":32,"column":null}},"16":{"start":{"line":39,"column":2},"end":{"line":42,"column":null}},"17":{"start":{"line":40,"column":4},"end":{"line":40,"column":null}},"18":{"start":{"line":41,"column":4},"end":{"line":41,"column":null}},"19":{"start":{"line":44,"column":2},"end":{"line":50,"column":null}},"20":{"start":{"line":45,"column":4},"end":{"line":45,"column":null}},"21":{"start":{"line":46,"column":4},"end":{"line":46,"column":null}},"22":{"start":{"line":48,"column":4},"end":{"line":48,"column":null}},"23":{"start":{"line":49,"column":4},"end":{"line":49,"column":null}},"24":{"start":{"line":54,"column":2},"end":{"line":57,"column":null}},"25":{"start":{"line":55,"column":4},"end":{"line":55,"column":null}},"26":{"start":{"line":56,"column":4},"end":{"line":56,"column":null}},"27":{"start":{"line":59,"column":2},"end":{"line":65,"column":null}},"28":{"start":{"line":60,"column":4},"end":{"line":60,"column":null}},"29":{"start":{"line":61,"column":4},"end":{"line":61,"column":null}},"30":{"start":{"line":63,"column":4},"end":{"line":63,"column":null}},"31":{"start":{"line":64,"column":4},"end":{"line":64,"column":null}},"32":{"start":{"line":69,"column":2},"end":{"line":69,"column":null}},"33":{"start":{"line":83,"column":2},"end":{"line":88,"column":null}},"34":{"start":{"line":84,"column":4},"end":{"line":87,"column":null}},"35":{"start":{"line":91,"column":28},"end":{"line":91,"column":null}},"36":{"start":{"line":92,"column":2},"end":{"line":97,"column":null}},"37":{"start":{"line":93,"column":4},"end":{"line":96,"column":null}},"38":{"start":{"line":100,"column":2},"end":{"line":131,"column":null}},"39":{"start":{"line":101,"column":23},"end":{"line":101,"column":null}},"40":{"start":{"line":104,"column":25},"end":{"line":112,"column":null}},"41":{"start":{"line":106,"column":18},"end":{"line":106,"column":null}},"42":{"start":{"line":107,"column":6},"end":{"line":111,"column":null}},"43":{"start":{"line":108,"column":8},"end":{"line":108,"column":null}},"44":{"start":{"line":109,"column":8},"end":{"line":109,"column":null}},"45":{"start":{"line":110,"column":8},"end":{"line":110,"column":null}},"46":{"start":{"line":114,"column":20},"end":{"line":117,"column":null}},"47":{"start":{"line":115,"column":6},"end":{"line":115,"column":null}},"48":{"start":{"line":116,"column":6},"end":{"line":116,"column":null}},"49":{"start":{"line":116,"column":21},"end":{"line":116,"column":null}},"50":{"start":{"line":119,"column":4},"end":{"line":119,"column":null}},"51":{"start":{"line":122,"column":4},"end":{"line":130,"column":null}},"52":{"start":{"line":123,"column":6},"end":{"line":123,"column":null}},"53":{"start":{"line":124,"column":6},"end":{"line":129,"column":null}},"54":{"start":{"line":125,"column":8},"end":{"line":128,"column":null}}},"fnMap":{"0":{"name":"requestMotionPermission","decl":{"start":{"line":1,"column":22},"end":{"line":1,"column":66}},"loc":{"start":{"line":1,"column":66},"end":{"line":18,"column":null}},"line":1},"1":{"name":"requestWakeLock","decl":{"start":{"line":20,"column":22},"end":{"line":20,"column":74}},"loc":{"start":{"line":20,"column":74},"end":{"line":34,"column":null}},"line":20},"2":{"name":"requestFullscreen","decl":{"start":{"line":36,"column":22},"end":{"line":36,"column":null}},"loc":{"start":{"line":38,"column":20},"end":{"line":51,"column":null}},"line":38},"3":{"name":"exitFullscreen","decl":{"start":{"line":53,"column":22},"end":{"line":53,"column":57}},"loc":{"start":{"line":53,"column":57},"end":{"line":66,"column":null}},"line":53},"4":{"name":"isFullscreen","decl":{"start":{"line":68,"column":16},"end":{"line":68,"column":40}},"loc":{"start":{"line":68,"column":40},"end":{"line":70,"column":null}},"line":68},"5":{"name":"validateMotionAccess","decl":{"start":{"line":81,"column":22},"end":{"line":81,"column":78}},"loc":{"start":{"line":81,"column":78},"end":{"line":132,"column":null}},"line":81},"6":{"name":"(anonymous_6)","decl":{"start":{"line":100,"column":21},"end":{"line":100,"column":22}},"loc":{"start":{"line":100,"column":34},"end":{"line":131,"column":3}},"line":100},"7":{"name":"(anonymous_7)","decl":{"start":{"line":104,"column":25},"end":{"line":104,"column":26}},"loc":{"start":{"line":104,"column":55},"end":{"line":112,"column":null}},"line":104},"8":{"name":"(anonymous_8)","decl":{"start":{"line":114,"column":20},"end":{"line":114,"column":26}},"loc":{"start":{"line":114,"column":26},"end":{"line":117,"column":null}},"line":114},"9":{"name":"(anonymous_9)","decl":{"start":{"line":122,"column":27},"end":{"line":122,"column":33}},"loc":{"start":{"line":122,"column":33},"end":{"line":130,"column":7}},"line":122}},"branchMap":{"0":{"loc":{"start":{"line":3,"column":2},"end":{"line":14,"column":null}},"type":"if","locations":[{"start":{"line":3,"column":2},"end":{"line":14,"column":null}},{"start":{},"end":{}}],"line":3},"1":{"loc":{"start":{"line":4,"column":4},"end":{"line":5,"column":null}},"type":"binary-expr","locations":[{"start":{"line":4,"column":4},"end":{"line":4,"column":null}},{"start":{"line":5,"column":4},"end":{"line":5,"column":null}}],"line":4},"2":{"loc":{"start":{"line":21,"column":2},"end":{"line":24,"column":null}},"type":"if","locations":[{"start":{"line":21,"column":2},"end":{"line":24,"column":null}},{"start":{},"end":{}}],"line":21},"3":{"loc":{"start":{"line":39,"column":2},"end":{"line":42,"column":null}},"type":"if","locations":[{"start":{"line":39,"column":2},"end":{"line":42,"column":null}},{"start":{},"end":{}}],"line":39},"4":{"loc":{"start":{"line":54,"column":2},"end":{"line":57,"column":null}},"type":"if","locations":[{"start":{"line":54,"column":2},"end":{"line":57,"column":null}},{"start":{},"end":{}}],"line":54},"5":{"loc":{"start":{"line":83,"column":2},"end":{"line":88,"column":null}},"type":"if","locations":[{"start":{"line":83,"column":2},"end":{"line":88,"column":null}},{"start":{},"end":{}}],"line":83},"6":{"loc":{"start":{"line":92,"column":2},"end":{"line":97,"column":null}},"type":"if","locations":[{"start":{"line":92,"column":2},"end":{"line":97,"column":null}},{"start":{},"end":{}}],"line":92},"7":{"loc":{"start":{"line":107,"column":6},"end":{"line":111,"column":null}},"type":"if","locations":[{"start":{"line":107,"column":6},"end":{"line":111,"column":null}},{"start":{},"end":{}}],"line":107},"8":{"loc":{"start":{"line":107,"column":10},"end":{"line":107,"column":71}},"type":"binary-expr","locations":[{"start":{"line":107,"column":10},"end":{"line":107,"column":18}},{"start":{"line":107,"column":18},"end":{"line":107,"column":36}},{"start":{"line":107,"column":36},"end":{"line":107,"column":54}},{"start":{"line":107,"column":54},"end":{"line":107,"column":71}}],"line":107},"9":{"loc":{"start":{"line":116,"column":6},"end":{"line":116,"column":null}},"type":"if","locations":[{"start":{"line":116,"column":6},"end":{"line":116,"column":null}},{"start":{},"end":{}}],"line":116},"10":{"loc":{"start":{"line":124,"column":6},"end":{"line":129,"column":null}},"type":"if","locations":[{"start":{"line":124,"column":6},"end":{"line":129,"column":null}},{"start":{},"end":{}}],"line":124}},"s":{"0":0,"1":0,"2":0,"3":0,"4":0,"5":0,"6":0,"7":0,"8":0,"9":0,"10":0,"11":0,"12":0,"13":0,"14":0,"15":0,"16":0,"17":0,"18":0,"19":0,"20":0,"21":0,"22":0,"23":0,"24":0,"25":0,"26":0,"27":0,"28":0,"29":0,"30":0,"31":0,"32":0,"33":0,"34":0,"35":0,"36":0,"37":0,"38":0,"39":0,"40":0,"41":0,"42":0,"43":0,"44":0,"45":0,"46":0,"47":0,"48":0,"49":0,"50":0,"51":0,"52":0,"53":0,"54":0},"f":{"0":0,"1":0,"2":0,"3":0,"4":0,"5":0,"6":0,"7":0,"8":0,"9":0},"b":{"0":[0,0],"1":[0,0],"2":[0,0],"3":[0,0],"4":[0,0],"5":[0,0],"6":[0,0],"7":[0,0],"8":[0,0,0,0],"9":[0,0],"10":[0,0]},"meta":{"lastBranch":11,"lastFunction":10,"lastStatement":55,"seen":{"f:1:22:1:66":0,"b:3:2:14:Infinity:undefined:undefined:undefined:undefined":0,"s:3:2:14:Infinity":0,"b:4:4:4:Infinity:5:4:5:Infinity":1,"s:7:4:13:Infinity":1,"s:8:25:8:Infinity":2,"s:9:6:9:Infinity":3,"s:11:6:11:Infinity":4,"s:12:6:12:Infinity":5,"s:17:2:17:Infinity":6,"f:20:22:20:74":1,"b:21:2:24:Infinity:undefined:undefined:undefined:undefined":2,"s:21:2:24:Infinity":7,"s:22:4:22:Infinity":8,"s:23:4:23:Infinity":9,"s:26:2:33:Infinity":10,"s:27:21:27:Infinity":11,"s:28:4:28:Infinity":12,"s:29:4:29:Infinity":13,"s:31:4:31:Infinity":14,"s:32:4:32:Infinity":15,"f:36:22:36:Infinity":2,"b:39:2:42:Infinity:undefined:undefined:undefined:undefined":3,"s:39:2:42:Infinity":16,"s:40:4:40:Infinity":17,"s:41:4:41:Infinity":18,"s:44:2:50:Infinity":19,"s:45:4:45:Infinity":20,"s:46:4:46:Infinity":21,"s:48:4:48:Infinity":22,"s:49:4:49:Infinity":23,"f:53:22:53:57":3,"b:54:2:57:Infinity:undefined:undefined:undefined:undefined":4,"s:54:2:57:Infinity":24,"s:55:4:55:Infinity":25,"s:56:4:56:Infinity":26,"s:59:2:65:Infinity":27,"s:60:4:60:Infinity":28,"s:61:4:61:Infinity":29,"s:63:4:63:Infinity":30,"s:64:4:64:Infinity":31,"f:68:16:68:40":4,"s:69:2:69:Infinity":32,"f:81:22:81:78":5,"b:83:2:88:Infinity:undefined:undefined:undefined:undefined":5,"s:83:2:88:Infinity":33,"s:84:4:87:Infinity":34,"s:91:28:91:Infinity":35,"b:92:2:97:Infinity:undefined:undefined:undefined:undefined":6,"s:92:2:97:Infinity":36,"s:93:4:96:Infinity":37,"s:100:2:131:Infinity":38,"f:100:21:100:22":6,"s:101:23:101:Infinity":39,"s:104:25:112:Infinity":40,"f:104:25:104:26":7,"s:106:18:106:Infinity":41,"b:107:6:111:Infinity:undefined:undefined:undefined:undefined":7,"s:107:6:111:Infinity":42,"b:107:10:107:18:107:18:107:36:107:36:107:54:107:54:107:71":8,"s:108:8:108:Infinity":43,"s:109:8:109:Infinity":44,"s:110:8:110:Infinity":45,"s:114:20:117:Infinity":46,"f:114:20:114:26":8,"s:115:6:115:Infinity":47,"b:116:6:116:Infinity:undefined:undefined:undefined:undefined":9,"s:116:6:116:Infinity":48,"s:116:21:116:Infinity":49,"s:119:4:119:Infinity":50,"s:122:4:130:Infinity":51,"f:122:27:122:33":9,"s:123:6:123:Infinity":52,"b:124:6:129:Infinity:undefined:undefined:undefined:undefined":10,"s:124:6:129:Infinity":53,"s:125:8:128:Infinity":54}}}
}
